2025-04-06 01:24:38 DEBUG PackageRelationshipCollection:307 - Parsing relationship: /_rels/.rels
2025-04-06 01:24:38 DEBUG PackageRelationshipCollection:307 - Parsing relationship: /xl/_rels/workbook.xml.rels
2025-04-06 01:24:38 DEBUG PackageRelationshipCollection:307 - Parsing relationship: /_rels/.rels
2025-04-06 01:24:38 DEBUG PackageRelationshipCollection:307 - Parsing relationship: /xl/_rels/workbook.xml.rels
2025-04-06 01:24:38 DEBUG PackageRelationshipCollection:307 - Parsing relationship: /_rels/.rels
2025-04-06 01:24:38 DEBUG PackageRelationshipCollection:307 - Parsing relationship: /xl/_rels/workbook.xml.rels
2025-04-06 01:24:38 DEBUG PackageRelationshipCollection:307 - Parsing relationship: /_rels/.rels
2025-04-06 01:24:38 DEBUG PackageRelationshipCollection:307 - Parsing relationship: /xl/_rels/workbook.xml.rels
2025-04-06 01:24:38 DEBUG PackageRelationshipCollection:307 - Parsing relationship: /_rels/.rels
2025-04-06 01:24:38 DEBUG PackageRelationshipCollection:307 - Parsing relationship: /xl/_rels/workbook.xml.rels
2025-04-06 01:24:38 DEBUG PackageRelationshipCollection:307 - Parsing relationship: /_rels/.rels
2025-04-06 01:24:38 DEBUG PackageRelationshipCollection:307 - Parsing relationship: /xl/_rels/workbook.xml.rels
2025-04-06 01:24:38 DEBUG PackageRelationshipCollection:307 - Parsing relationship: /_rels/.rels
2025-04-06 01:24:38 DEBUG PackageRelationshipCollection:307 - Parsing relationship: /xl/_rels/workbook.xml.rels
2025-04-06 01:24:38 DEBUG PackageRelationshipCollection:307 - Parsing relationship: /_rels/.rels
2025-04-06 01:24:38 DEBUG PackageRelationshipCollection:307 - Parsing relationship: /xl/_rels/workbook.xml.rels
2025-04-06 01:24:38 DEBUG PackageRelationshipCollection:307 - Parsing relationship: /_rels/.rels
2025-04-06 01:24:38 DEBUG PackageRelationshipCollection:307 - Parsing relationship: /xl/_rels/workbook.xml.rels
2025-04-06 01:24:38 DEBUG PackageRelationshipCollection:307 - Parsing relationship: /_rels/.rels
2025-04-06 01:24:38 DEBUG PackageRelationshipCollection:307 - Parsing relationship: /xl/_rels/workbook.xml.rels
2025-04-06 01:24:38 DEBUG PackageRelationshipCollection:307 - Parsing relationship: /_rels/.rels
2025-04-06 01:24:38 DEBUG PackageRelationshipCollection:307 - Parsing relationship: /xl/_rels/workbook.xml.rels
2025-04-06 01:24:38 DEBUG PackageRelationshipCollection:307 - Parsing relationship: /_rels/.rels
2025-04-06 01:24:38 DEBUG PackageRelationshipCollection:307 - Parsing relationship: /xl/_rels/workbook.xml.rels
2025-04-06 01:24:38 DEBUG PackageRelationshipCollection:307 - Parsing relationship: /_rels/.rels
2025-04-06 01:24:38 DEBUG PackageRelationshipCollection:307 - Parsing relationship: /xl/_rels/workbook.xml.rels
2025-04-06 01:24:38 DEBUG PackageRelationshipCollection:307 - Parsing relationship: /_rels/.rels
2025-04-06 01:24:38 DEBUG PackageRelationshipCollection:307 - Parsing relationship: /xl/_rels/workbook.xml.rels
2025-04-06 01:24:38 DEBUG PackageRelationshipCollection:307 - Parsing relationship: /_rels/.rels
2025-04-06 01:24:38 DEBUG PackageRelationshipCollection:307 - Parsing relationship: /xl/_rels/workbook.xml.rels
2025-04-06 01:24:38 DEBUG PackageRelationshipCollection:307 - Parsing relationship: /_rels/.rels
2025-04-06 01:24:38 DEBUG PackageRelationshipCollection:307 - Parsing relationship: /xl/_rels/workbook.xml.rels
2025-04-06 01:24:38 DEBUG PackageRelationshipCollection:307 - Parsing relationship: /_rels/.rels
2025-04-06 01:24:38 DEBUG PackageRelationshipCollection:307 - Parsing relationship: /xl/_rels/workbook.xml.rels
2025-04-06 01:24:38 DEBUG PackageRelationshipCollection:307 - Parsing relationship: /_rels/.rels
2025-04-06 01:24:38 DEBUG PackageRelationshipCollection:307 - Parsing relationship: /xl/_rels/workbook.xml.rels
2025-04-06 01:24:38 DEBUG PackageRelationshipCollection:307 - Parsing relationship: /_rels/.rels
2025-04-06 01:24:38 DEBUG PackageRelationshipCollection:307 - Parsing relationship: /xl/_rels/workbook.xml.rels
2025-04-06 01:24:38 DEBUG PackageRelationshipCollection:307 - Parsing relationship: /_rels/.rels
2025-04-06 01:24:38 DEBUG PackageRelationshipCollection:307 - Parsing relationship: /xl/_rels/workbook.xml.rels
2025-04-06 01:24:38 DEBUG PackageRelationshipCollection:307 - Parsing relationship: /_rels/.rels
2025-04-06 01:24:38 DEBUG PackageRelationshipCollection:307 - Parsing relationship: /xl/_rels/workbook.xml.rels
2025-04-06 01:24:38 DEBUG PackageRelationshipCollection:307 - Parsing relationship: /_rels/.rels
2025-04-06 01:24:38 DEBUG PackageRelationshipCollection:307 - Parsing relationship: /xl/_rels/workbook.xml.rels
2025-04-06 01:24:38 DEBUG PackageRelationshipCollection:307 - Parsing relationship: /_rels/.rels
2025-04-06 01:24:38 DEBUG PackageRelationshipCollection:307 - Parsing relationship: /xl/_rels/workbook.xml.rels
2025-04-06 01:24:38 DEBUG PackageRelationshipCollection:307 - Parsing relationship: /_rels/.rels
2025-04-06 01:24:38 DEBUG PackageRelationshipCollection:307 - Parsing relationship: /xl/_rels/workbook.xml.rels
2025-04-06 01:24:38 DEBUG PackageRelationshipCollection:307 - Parsing relationship: /_rels/.rels
2025-04-06 01:24:38 DEBUG PackageRelationshipCollection:307 - Parsing relationship: /xl/_rels/workbook.xml.rels
2025-04-06 01:24:38 DEBUG PackageRelationshipCollection:307 - Parsing relationship: /_rels/.rels
2025-04-06 01:24:38 DEBUG PackageRelationshipCollection:307 - Parsing relationship: /xl/_rels/workbook.xml.rels
2025-04-06 01:24:38 DEBUG PackageRelationshipCollection:307 - Parsing relationship: /_rels/.rels
2025-04-06 01:24:38 DEBUG PackageRelationshipCollection:307 - Parsing relationship: /xl/_rels/workbook.xml.rels
2025-04-06 01:24:38 DEBUG PackageRelationshipCollection:307 - Parsing relationship: /_rels/.rels
2025-04-06 01:24:38 DEBUG PackageRelationshipCollection:307 - Parsing relationship: /xl/_rels/workbook.xml.rels
2025-04-06 01:24:38 DEBUG PackageRelationshipCollection:307 - Parsing relationship: /_rels/.rels
2025-04-06 01:24:38 DEBUG PackageRelationshipCollection:307 - Parsing relationship: /xl/_rels/workbook.xml.rels
2025-04-06 01:24:38 DEBUG PackageRelationshipCollection:307 - Parsing relationship: /_rels/.rels
2025-04-06 01:24:38 DEBUG PackageRelationshipCollection:307 - Parsing relationship: /xl/_rels/workbook.xml.rels
2025-04-06 01:24:38 DEBUG PackageRelationshipCollection:307 - Parsing relationship: /_rels/.rels
2025-04-06 01:24:38 DEBUG PackageRelationshipCollection:307 - Parsing relationship: /xl/_rels/workbook.xml.rels
2025-04-06 01:24:38 DEBUG PackageRelationshipCollection:307 - Parsing relationship: /_rels/.rels
2025-04-06 01:24:38 DEBUG PackageRelationshipCollection:307 - Parsing relationship: /xl/_rels/workbook.xml.rels
2025-04-06 01:24:38 DEBUG PackageRelationshipCollection:307 - Parsing relationship: /_rels/.rels
2025-04-06 01:24:38 DEBUG PackageRelationshipCollection:307 - Parsing relationship: /xl/_rels/workbook.xml.rels
2025-04-06 01:24:38 DEBUG PackageRelationshipCollection:307 - Parsing relationship: /_rels/.rels
2025-04-06 01:24:38 DEBUG PackageRelationshipCollection:307 - Parsing relationship: /xl/_rels/workbook.xml.rels
2025-04-06 01:24:38 DEBUG PackageRelationshipCollection:307 - Parsing relationship: /_rels/.rels
2025-04-06 01:24:38 DEBUG PackageRelationshipCollection:307 - Parsing relationship: /xl/_rels/workbook.xml.rels
2025-04-06 01:24:38 DEBUG PackageRelationshipCollection:307 - Parsing relationship: /_rels/.rels
2025-04-06 01:24:38 DEBUG PackageRelationshipCollection:307 - Parsing relationship: /xl/_rels/workbook.xml.rels
2025-04-06 01:24:38 DEBUG PackageRelationshipCollection:307 - Parsing relationship: /_rels/.rels
2025-04-06 01:24:38 DEBUG PackageRelationshipCollection:307 - Parsing relationship: /xl/_rels/workbook.xml.rels
2025-04-06 01:24:38 DEBUG PackageRelationshipCollection:307 - Parsing relationship: /_rels/.rels
2025-04-06 01:24:38 DEBUG PackageRelationshipCollection:307 - Parsing relationship: /xl/_rels/workbook.xml.rels
2025-04-06 01:24:38 DEBUG PackageRelationshipCollection:307 - Parsing relationship: /_rels/.rels
2025-04-06 01:24:38 DEBUG PackageRelationshipCollection:307 - Parsing relationship: /xl/_rels/workbook.xml.rels
2025-04-06 01:24:38 DEBUG PackageRelationshipCollection:307 - Parsing relationship: /_rels/.rels
2025-04-06 01:24:38 DEBUG PackageRelationshipCollection:307 - Parsing relationship: /xl/_rels/workbook.xml.rels
2025-04-06 01:24:38 DEBUG PackageRelationshipCollection:307 - Parsing relationship: /_rels/.rels
2025-04-06 01:24:38 DEBUG PackageRelationshipCollection:307 - Parsing relationship: /xl/_rels/workbook.xml.rels
2025-04-06 01:24:38 DEBUG PackageRelationshipCollection:307 - Parsing relationship: /_rels/.rels
2025-04-06 01:24:38 DEBUG PackageRelationshipCollection:307 - Parsing relationship: /xl/_rels/workbook.xml.rels
2025-04-06 01:24:38 DEBUG PackageRelationshipCollection:307 - Parsing relationship: /_rels/.rels
2025-04-06 01:24:38 DEBUG PackageRelationshipCollection:307 - Parsing relationship: /xl/_rels/workbook.xml.rels
2025-04-06 01:24:38 DEBUG PackageRelationshipCollection:307 - Parsing relationship: /_rels/.rels
2025-04-06 01:24:38 DEBUG PackageRelationshipCollection:307 - Parsing relationship: /xl/_rels/workbook.xml.rels
2025-04-06 01:24:38 DEBUG PackageRelationshipCollection:307 - Parsing relationship: /_rels/.rels
2025-04-06 01:24:38 DEBUG PackageRelationshipCollection:307 - Parsing relationship: /xl/_rels/workbook.xml.rels
2025-04-06 01:24:38 DEBUG PackageRelationshipCollection:307 - Parsing relationship: /_rels/.rels
2025-04-06 01:24:38 DEBUG PackageRelationshipCollection:307 - Parsing relationship: /xl/_rels/workbook.xml.rels
2025-04-06 01:24:38 DEBUG PackageRelationshipCollection:307 - Parsing relationship: /_rels/.rels
2025-04-06 01:24:38 DEBUG PackageRelationshipCollection:307 - Parsing relationship: /xl/_rels/workbook.xml.rels
2025-04-06 01:24:38 DEBUG PackageRelationshipCollection:307 - Parsing relationship: /_rels/.rels
2025-04-06 01:24:38 DEBUG PackageRelationshipCollection:307 - Parsing relationship: /xl/_rels/workbook.xml.rels
2025-04-06 01:24:38 DEBUG PackageRelationshipCollection:307 - Parsing relationship: /_rels/.rels
2025-04-06 01:24:38 DEBUG PackageRelationshipCollection:307 - Parsing relationship: /xl/_rels/workbook.xml.rels
2025-04-06 01:24:38 DEBUG PackageRelationshipCollection:307 - Parsing relationship: /_rels/.rels
2025-04-06 01:24:38 DEBUG PackageRelationshipCollection:307 - Parsing relationship: /xl/_rels/workbook.xml.rels
2025-04-06 01:24:38 DEBUG PackageRelationshipCollection:307 - Parsing relationship: /_rels/.rels
2025-04-06 01:24:38 DEBUG PackageRelationshipCollection:307 - Parsing relationship: /xl/_rels/workbook.xml.rels
2025-04-06 01:24:38 DEBUG PackageRelationshipCollection:307 - Parsing relationship: /_rels/.rels
2025-04-06 01:24:38 DEBUG PackageRelationshipCollection:307 - Parsing relationship: /xl/_rels/workbook.xml.rels
2025-04-06 01:24:38 DEBUG PackageRelationshipCollection:307 - Parsing relationship: /_rels/.rels
2025-04-06 01:24:38 DEBUG PackageRelationshipCollection:307 - Parsing relationship: /xl/_rels/workbook.xml.rels
2025-04-06 01:24:38 DEBUG PackageRelationshipCollection:307 - Parsing relationship: /_rels/.rels
2025-04-06 01:24:38 DEBUG PackageRelationshipCollection:307 - Parsing relationship: /xl/_rels/workbook.xml.rels
2025-04-06 01:24:38 DEBUG PackageRelationshipCollection:307 - Parsing relationship: /_rels/.rels
2025-04-06 01:24:38 DEBUG PackageRelationshipCollection:307 - Parsing relationship: /xl/_rels/workbook.xml.rels
2025-04-06 01:24:38 DEBUG PackageRelationshipCollection:307 - Parsing relationship: /_rels/.rels
2025-04-06 01:24:38 DEBUG PackageRelationshipCollection:307 - Parsing relationship: /xl/_rels/workbook.xml.rels
2025-04-06 01:24:38 DEBUG PackageRelationshipCollection:307 - Parsing relationship: /_rels/.rels
2025-04-06 01:24:38 DEBUG PackageRelationshipCollection:307 - Parsing relationship: /xl/_rels/workbook.xml.rels
2025-04-06 01:24:38 DEBUG PackageRelationshipCollection:307 - Parsing relationship: /_rels/.rels
2025-04-06 01:24:38 DEBUG PackageRelationshipCollection:307 - Parsing relationship: /xl/_rels/workbook.xml.rels
2025-04-06 01:24:38 DEBUG PackageRelationshipCollection:307 - Parsing relationship: /_rels/.rels
2025-04-06 01:24:38 DEBUG PackageRelationshipCollection:307 - Parsing relationship: /xl/_rels/workbook.xml.rels
2025-04-06 01:24:38 DEBUG PackageRelationshipCollection:307 - Parsing relationship: /_rels/.rels
2025-04-06 01:24:38 DEBUG PackageRelationshipCollection:307 - Parsing relationship: /xl/_rels/workbook.xml.rels
2025-04-06 01:24:38 DEBUG PackageRelationshipCollection:307 - Parsing relationship: /_rels/.rels
2025-04-06 01:24:38 DEBUG PackageRelationshipCollection:307 - Parsing relationship: /xl/_rels/workbook.xml.rels
2025-04-06 01:24:38 DEBUG PackageRelationshipCollection:307 - Parsing relationship: /_rels/.rels
2025-04-06 01:24:38 DEBUG PackageRelationshipCollection:307 - Parsing relationship: /xl/_rels/workbook.xml.rels
2025-04-06 01:24:38 DEBUG PackageRelationshipCollection:307 - Parsing relationship: /_rels/.rels
2025-04-06 01:24:38 DEBUG PackageRelationshipCollection:307 - Parsing relationship: /xl/_rels/workbook.xml.rels
2025-04-06 01:24:38 DEBUG PackageRelationshipCollection:307 - Parsing relationship: /_rels/.rels
2025-04-06 01:24:38 DEBUG PackageRelationshipCollection:307 - Parsing relationship: /xl/_rels/workbook.xml.rels
2025-04-06 01:24:38 DEBUG PackageRelationshipCollection:307 - Parsing relationship: /_rels/.rels
2025-04-06 01:24:38 DEBUG PackageRelationshipCollection:307 - Parsing relationship: /xl/_rels/workbook.xml.rels
2025-04-06 01:24:38 DEBUG PackageRelationshipCollection:307 - Parsing relationship: /_rels/.rels
2025-04-06 01:24:38 DEBUG PackageRelationshipCollection:307 - Parsing relationship: /xl/_rels/workbook.xml.rels
2025-04-06 01:24:38 DEBUG PackageRelationshipCollection:307 - Parsing relationship: /_rels/.rels
2025-04-06 01:24:38 DEBUG PackageRelationshipCollection:307 - Parsing relationship: /xl/_rels/workbook.xml.rels
2025-04-06 01:24:38 DEBUG PackageRelationshipCollection:307 - Parsing relationship: /_rels/.rels
2025-04-06 01:24:38 DEBUG PackageRelationshipCollection:307 - Parsing relationship: /xl/_rels/workbook.xml.rels
2025-04-06 01:24:38 DEBUG PackageRelationshipCollection:307 - Parsing relationship: /_rels/.rels
2025-04-06 01:24:38 DEBUG PackageRelationshipCollection:307 - Parsing relationship: /xl/_rels/workbook.xml.rels
2025-04-06 01:24:38 DEBUG PackageRelationshipCollection:307 - Parsing relationship: /_rels/.rels
2025-04-06 01:24:38 DEBUG PackageRelationshipCollection:307 - Parsing relationship: /xl/_rels/workbook.xml.rels
2025-04-06 01:24:38 DEBUG PackageRelationshipCollection:307 - Parsing relationship: /_rels/.rels
2025-04-06 01:24:38 DEBUG PackageRelationshipCollection:307 - Parsing relationship: /xl/_rels/workbook.xml.rels
2025-04-06 01:24:38 DEBUG PackageRelationshipCollection:307 - Parsing relationship: /_rels/.rels
2025-04-06 01:24:38 DEBUG PackageRelationshipCollection:307 - Parsing relationship: /xl/_rels/workbook.xml.rels
2025-04-06 01:24:38 DEBUG PackageRelationshipCollection:307 - Parsing relationship: /_rels/.rels
2025-04-06 01:24:38 DEBUG PackageRelationshipCollection:307 - Parsing relationship: /xl/_rels/workbook.xml.rels
2025-04-06 01:24:38 DEBUG PackageRelationshipCollection:307 - Parsing relationship: /_rels/.rels
2025-04-06 01:24:38 DEBUG PackageRelationshipCollection:307 - Parsing relationship: /xl/_rels/workbook.xml.rels
2025-04-06 01:24:38 DEBUG PackageRelationshipCollection:307 - Parsing relationship: /_rels/.rels
2025-04-06 01:24:38 DEBUG PackageRelationshipCollection:307 - Parsing relationship: /xl/_rels/workbook.xml.rels
2025-04-06 01:24:38 DEBUG PackageRelationshipCollection:307 - Parsing relationship: /_rels/.rels
2025-04-06 01:24:38 DEBUG PackageRelationshipCollection:307 - Parsing relationship: /xl/_rels/workbook.xml.rels
2025-04-06 01:24:38 DEBUG PackageRelationshipCollection:307 - Parsing relationship: /_rels/.rels
2025-04-06 01:24:38 DEBUG PackageRelationshipCollection:307 - Parsing relationship: /xl/_rels/workbook.xml.rels
2025-04-06 01:24:38 DEBUG PackageRelationshipCollection:307 - Parsing relationship: /_rels/.rels
2025-04-06 01:24:38 DEBUG PackageRelationshipCollection:307 - Parsing relationship: /xl/_rels/workbook.xml.rels
2025-04-06 01:24:38 DEBUG PackageRelationshipCollection:307 - Parsing relationship: /_rels/.rels
2025-04-06 01:24:38 DEBUG PackageRelationshipCollection:307 - Parsing relationship: /xl/_rels/workbook.xml.rels
2025-04-06 01:24:38 DEBUG PackageRelationshipCollection:307 - Parsing relationship: /_rels/.rels
2025-04-06 01:24:38 DEBUG PackageRelationshipCollection:307 - Parsing relationship: /xl/_rels/workbook.xml.rels
2025-04-06 01:24:38 DEBUG PackageRelationshipCollection:307 - Parsing relationship: /_rels/.rels
2025-04-06 01:24:38 DEBUG PackageRelationshipCollection:307 - Parsing relationship: /xl/_rels/workbook.xml.rels
2025-04-06 01:24:38 DEBUG PackageRelationshipCollection:307 - Parsing relationship: /_rels/.rels
2025-04-06 01:24:38 DEBUG PackageRelationshipCollection:307 - Parsing relationship: /xl/_rels/workbook.xml.rels
2025-04-06 01:24:38 DEBUG PackageRelationshipCollection:307 - Parsing relationship: /_rels/.rels
2025-04-06 01:24:38 DEBUG PackageRelationshipCollection:307 - Parsing relationship: /xl/_rels/workbook.xml.rels
2025-04-06 01:24:38 DEBUG PackageRelationshipCollection:307 - Parsing relationship: /_rels/.rels
2025-04-06 01:24:38 DEBUG PackageRelationshipCollection:307 - Parsing relationship: /xl/_rels/workbook.xml.rels
2025-04-06 01:24:38 DEBUG PackageRelationshipCollection:307 - Parsing relationship: /_rels/.rels
2025-04-06 01:24:38 DEBUG PackageRelationshipCollection:307 - Parsing relationship: /xl/_rels/workbook.xml.rels
2025-04-06 01:24:38 DEBUG PackageRelationshipCollection:307 - Parsing relationship: /_rels/.rels
2025-04-06 01:24:38 DEBUG PackageRelationshipCollection:307 - Parsing relationship: /xl/_rels/workbook.xml.rels
2025-04-06 01:24:38 DEBUG PackageRelationshipCollection:307 - Parsing relationship: /_rels/.rels
2025-04-06 01:24:38 DEBUG PackageRelationshipCollection:307 - Parsing relationship: /xl/_rels/workbook.xml.rels
2025-04-06 01:24:38 DEBUG PackageRelationshipCollection:307 - Parsing relationship: /_rels/.rels
2025-04-06 01:24:38 DEBUG PackageRelationshipCollection:307 - Parsing relationship: /xl/_rels/workbook.xml.rels
2025-04-06 01:24:38 DEBUG PackageRelationshipCollection:307 - Parsing relationship: /_rels/.rels
2025-04-06 01:24:38 DEBUG PackageRelationshipCollection:307 - Parsing relationship: /xl/_rels/workbook.xml.rels
2025-04-06 01:24:38 DEBUG PackageRelationshipCollection:307 - Parsing relationship: /_rels/.rels
2025-04-06 01:24:38 DEBUG PackageRelationshipCollection:307 - Parsing relationship: /xl/_rels/workbook.xml.rels
2025-04-06 01:24:38 DEBUG PackageRelationshipCollection:307 - Parsing relationship: /_rels/.rels
2025-04-06 01:24:38 DEBUG PackageRelationshipCollection:307 - Parsing relationship: /xl/_rels/workbook.xml.rels
2025-04-06 01:24:38 DEBUG PackageRelationshipCollection:307 - Parsing relationship: /_rels/.rels
2025-04-06 01:24:38 DEBUG PackageRelationshipCollection:307 - Parsing relationship: /xl/_rels/workbook.xml.rels
2025-04-06 01:24:38 DEBUG PackageRelationshipCollection:307 - Parsing relationship: /_rels/.rels
2025-04-06 01:24:38 DEBUG PackageRelationshipCollection:307 - Parsing relationship: /xl/_rels/workbook.xml.rels
2025-04-06 01:24:38 DEBUG PackageRelationshipCollection:307 - Parsing relationship: /_rels/.rels
2025-04-06 01:24:39 DEBUG PackageRelationshipCollection:307 - Parsing relationship: /xl/_rels/workbook.xml.rels
2025-04-06 01:24:39 DEBUG PackageRelationshipCollection:307 - Parsing relationship: /_rels/.rels
2025-04-06 01:24:39 DEBUG PackageRelationshipCollection:307 - Parsing relationship: /xl/_rels/workbook.xml.rels
2025-04-06 01:24:39 DEBUG PackageRelationshipCollection:307 - Parsing relationship: /_rels/.rels
2025-04-06 01:24:39 DEBUG PackageRelationshipCollection:307 - Parsing relationship: /xl/_rels/workbook.xml.rels
2025-04-06 01:24:39 DEBUG PackageRelationshipCollection:307 - Parsing relationship: /_rels/.rels
2025-04-06 01:24:39 DEBUG PackageRelationshipCollection:307 - Parsing relationship: /xl/_rels/workbook.xml.rels
2025-04-06 01:24:39 DEBUG PackageRelationshipCollection:307 - Parsing relationship: /_rels/.rels
2025-04-06 01:24:39 DEBUG PackageRelationshipCollection:307 - Parsing relationship: /xl/_rels/workbook.xml.rels
2025-04-06 01:24:39 DEBUG PackageRelationshipCollection:307 - Parsing relationship: /_rels/.rels
2025-04-06 01:24:39 DEBUG PackageRelationshipCollection:307 - Parsing relationship: /xl/_rels/workbook.xml.rels
2025-04-06 01:24:39 DEBUG PackageRelationshipCollection:307 - Parsing relationship: /_rels/.rels
2025-04-06 01:24:39 DEBUG PackageRelationshipCollection:307 - Parsing relationship: /xl/_rels/workbook.xml.rels
2025-04-06 01:24:39 DEBUG PackageRelationshipCollection:307 - Parsing relationship: /_rels/.rels
2025-04-06 01:24:39 DEBUG PackageRelationshipCollection:307 - Parsing relationship: /xl/_rels/workbook.xml.rels
2025-04-06 01:24:39 DEBUG PackageRelationshipCollection:307 - Parsing relationship: /_rels/.rels
2025-04-06 01:24:39 DEBUG PackageRelationshipCollection:307 - Parsing relationship: /xl/_rels/workbook.xml.rels
2025-04-06 01:24:39 DEBUG PackageRelationshipCollection:307 - Parsing relationship: /_rels/.rels
2025-04-06 01:24:39 DEBUG PackageRelationshipCollection:307 - Parsing relationship: /xl/_rels/workbook.xml.rels
2025-04-06 01:24:39 DEBUG PackageRelationshipCollection:307 - Parsing relationship: /_rels/.rels
2025-04-06 01:25:34 INFO  BaseClass:135 - Closing browser...
2025-04-06 01:25:39 ERROR BaseClass:141 - Error while closing browser: Timed out waiting for driver server to stop.
Build info: version: '4.28.1', revision: '73f5ad48a2'
System info: os.name: 'Mac OS X', os.arch: 'aarch64', os.version: '15.3.2', java.version: '22.0.2'
Driver info: org.openqa.selenium.chrome.ChromeDriver
Command: [27d78a1c257fe0c37fd7eeb1ac0d198e, quit {}]
Capabilities {acceptInsecureCerts: false, browserName: chrome, browserVersion: 134.0.6998.166, chrome: {chromedriverVersion: 134.0.6998.165 (fd886e2cb29..., userDataDir: /var/folders/z_/tbltfn_91dq...}, fedcm:accounts: true, goog:chromeOptions: {debuggerAddress: localhost:49866}, networkConnectionEnabled: false, pageLoadStrategy: normal, platformName: mac, proxy: Proxy(), se:cdp: ws://localhost:49866/devtoo..., se:cdpVersion: 134.0.6998.166, setWindowRect: true, strictFileInteractability: false, timeouts: {implicit: 0, pageLoad: 300000, script: 30000}, unhandledPromptBehavior: dismiss and notify, webauthn:extension:credBlob: true, webauthn:extension:largeBlob: true, webauthn:extension:minPinLength: true, webauthn:extension:prf: true, webauthn:virtualAuthenticators: true}
Session ID: 27d78a1c257fe0c37fd7eeb1ac0d198e
org.openqa.selenium.WebDriverException: Timed out waiting for driver server to stop.
Build info: version: '4.28.1', revision: '73f5ad48a2'
System info: os.name: 'Mac OS X', os.arch: 'aarch64', os.version: '15.3.2', java.version: '22.0.2'
Driver info: org.openqa.selenium.chrome.ChromeDriver
Command: [27d78a1c257fe0c37fd7eeb1ac0d198e, quit {}]
Capabilities {acceptInsecureCerts: false, browserName: chrome, browserVersion: 134.0.6998.166, chrome: {chromedriverVersion: 134.0.6998.165 (fd886e2cb29..., userDataDir: /var/folders/z_/tbltfn_91dq...}, fedcm:accounts: true, goog:chromeOptions: {debuggerAddress: localhost:49866}, networkConnectionEnabled: false, pageLoadStrategy: normal, platformName: mac, proxy: Proxy(), se:cdp: ws://localhost:49866/devtoo..., se:cdpVersion: 134.0.6998.166, setWindowRect: true, strictFileInteractability: false, timeouts: {implicit: 0, pageLoad: 300000, script: 30000}, unhandledPromptBehavior: dismiss and notify, webauthn:extension:credBlob: true, webauthn:extension:largeBlob: true, webauthn:extension:minPinLength: true, webauthn:extension:prf: true, webauthn:virtualAuthenticators: true}
Session ID: 27d78a1c257fe0c37fd7eeb1ac0d198e
	at org.openqa.selenium.remote.service.DriverCommandExecutor.execute(DriverCommandExecutor.java:164) ~[selenium-remote-driver-4.28.1.jar:?]
	at org.openqa.selenium.remote.RemoteWebDriver.execute(RemoteWebDriver.java:545) ~[selenium-remote-driver-4.28.1.jar:?]
	at org.openqa.selenium.remote.RemoteWebDriver.execute(RemoteWebDriver.java:618) ~[selenium-remote-driver-4.28.1.jar:?]
	at org.openqa.selenium.remote.RemoteWebDriver.execute(RemoteWebDriver.java:622) ~[selenium-remote-driver-4.28.1.jar:?]
	at org.openqa.selenium.remote.RemoteWebDriver.quit(RemoteWebDriver.java:446) ~[selenium-remote-driver-4.28.1.jar:?]
	at org.openqa.selenium.chromium.ChromiumDriver.quit(ChromiumDriver.java:436) ~[selenium-chromium-driver-4.28.1.jar:?]
	at testBase.BaseClass.closeApp(BaseClass.java:136) ~[test-classes/:?]
	at java.base/jdk.internal.reflect.DirectMethodHandleAccessor.invoke(DirectMethodHandleAccessor.java:103) ~[?:?]
	at java.base/java.lang.reflect.Method.invoke(Method.java:580) ~[?:?]
	at org.testng.internal.invokers.MethodInvocationHelper.invokeMethod(MethodInvocationHelper.java:141) ~[testng-7.10.2.jar:7.10.2]
	at org.testng.internal.invokers.MethodInvocationHelper.invokeMethodConsideringTimeout(MethodInvocationHelper.java:71) ~[testng-7.10.2.jar:7.10.2]
	at org.testng.internal.invokers.ConfigInvoker.invokeConfigurationMethod(ConfigInvoker.java:400) ~[testng-7.10.2.jar:7.10.2]
	at org.testng.internal.invokers.ConfigInvoker.invokeConfigurations(ConfigInvoker.java:333) ~[testng-7.10.2.jar:7.10.2]
	at org.testng.internal.invokers.TestMethodWorker.invokeAfterClassConfigurations(TestMethodWorker.java:238) ~[testng-7.10.2.jar:7.10.2]
	at org.testng.internal.invokers.TestMethodWorker.invokeAfterClassMethods(TestMethodWorker.java:223) ~[testng-7.10.2.jar:7.10.2]
	at org.testng.internal.invokers.TestMethodWorker.run(TestMethodWorker.java:137) ~[testng-7.10.2.jar:7.10.2]
	at java.base/java.util.ArrayList.forEach(ArrayList.java:1597) ~[?:?]
	at org.testng.TestRunner.privateRun(TestRunner.java:739) ~[testng-7.10.2.jar:7.10.2]
	at org.testng.TestRunner.run(TestRunner.java:614) ~[testng-7.10.2.jar:7.10.2]
	at org.testng.SuiteRunner.runTest(SuiteRunner.java:421) ~[testng-7.10.2.jar:7.10.2]
	at org.testng.SuiteRunner$SuiteWorker.run(SuiteRunner.java:463) ~[testng-7.10.2.jar:7.10.2]
	at org.testng.internal.thread.ThreadUtil.lambda$execute$0(ThreadUtil.java:64) ~[testng-7.10.2.jar:7.10.2]
	at java.base/java.util.concurrent.FutureTask.run(FutureTask.java:317) ~[?:?]
	at java.base/java.util.concurrent.ThreadPoolExecutor.runWorker(ThreadPoolExecutor.java:1144) ~[?:?]
	at java.base/java.util.concurrent.ThreadPoolExecutor$Worker.run(ThreadPoolExecutor.java:642) ~[?:?]
	at java.base/java.lang.Thread.run(Thread.java:1570) [?:?]
Caused by: java.util.concurrent.ExecutionException: java.io.UncheckedIOException: java.net.ConnectException
	at java.base/java.util.concurrent.CompletableFuture.reportGet(CompletableFuture.java:396) ~[?:?]
	at java.base/java.util.concurrent.CompletableFuture.get(CompletableFuture.java:2096) ~[?:?]
	at org.openqa.selenium.remote.service.DriverCommandExecutor.execute(DriverCommandExecutor.java:160) ~[selenium-remote-driver-4.28.1.jar:?]
	... 25 more
Caused by: java.io.UncheckedIOException: java.net.ConnectException
	at org.openqa.selenium.remote.http.jdk.JdkHttpClient.execute0(JdkHttpClient.java:497) ~[selenium-http-4.28.1.jar:?]
	at org.openqa.selenium.remote.http.AddSeleniumUserAgent.lambda$apply$0(AddSeleniumUserAgent.java:42) ~[selenium-http-4.28.1.jar:?]
	at org.openqa.selenium.remote.http.Filter.lambda$andFinally$1(Filter.java:55) ~[selenium-http-4.28.1.jar:?]
	at org.openqa.selenium.remote.http.jdk.JdkHttpClient.lambda$executeAsync$1(JdkHttpClient.java:384) ~[selenium-http-4.28.1.jar:?]
	at java.base/java.util.concurrent.Executors$RunnableAdapter.call(Executors.java:572) ~[?:?]
	... 4 more
Caused by: java.net.ConnectException
	at java.net.http/jdk.internal.net.http.HttpClientImpl.send(HttpClientImpl.java:956) ~[java.net.http:?]
	at java.net.http/jdk.internal.net.http.HttpClientFacade.send(HttpClientFacade.java:133) ~[java.net.http:?]
	at org.openqa.selenium.remote.http.jdk.JdkHttpClient.execute0(JdkHttpClient.java:456) ~[selenium-http-4.28.1.jar:?]
	at org.openqa.selenium.remote.http.AddSeleniumUserAgent.lambda$apply$0(AddSeleniumUserAgent.java:42) ~[selenium-http-4.28.1.jar:?]
	at org.openqa.selenium.remote.http.Filter.lambda$andFinally$1(Filter.java:55) ~[selenium-http-4.28.1.jar:?]
	at org.openqa.selenium.remote.http.jdk.JdkHttpClient.lambda$executeAsync$1(JdkHttpClient.java:384) ~[selenium-http-4.28.1.jar:?]
	at java.base/java.util.concurrent.Executors$RunnableAdapter.call(Executors.java:572) ~[?:?]
	... 4 more
Caused by: java.net.ConnectException
	at java.net.http/jdk.internal.net.http.common.Utils.toConnectException(Utils.java:1065) ~[java.net.http:?]
	at java.net.http/jdk.internal.net.http.PlainHttpConnection.connectAsync(PlainHttpConnection.java:227) ~[java.net.http:?]
	at java.net.http/jdk.internal.net.http.PlainHttpConnection.checkRetryConnect(PlainHttpConnection.java:280) ~[java.net.http:?]
	at java.net.http/jdk.internal.net.http.PlainHttpConnection.lambda$connectAsync$2(PlainHttpConnection.java:238) ~[java.net.http:?]
	at java.base/java.util.concurrent.CompletableFuture.uniHandle(CompletableFuture.java:934) ~[?:?]
	at java.base/java.util.concurrent.CompletableFuture$UniHandle.tryFire(CompletableFuture.java:911) ~[?:?]
	at java.base/java.util.concurrent.CompletableFuture.postComplete(CompletableFuture.java:510) ~[?:?]
	at java.base/java.util.concurrent.CompletableFuture$AsyncSupply.run(CompletableFuture.java:1773) ~[?:?]
	... 3 more
Caused by: java.nio.channels.ClosedChannelException
	at java.base/sun.nio.ch.SocketChannelImpl.ensureOpen(SocketChannelImpl.java:204) ~[?:?]
	at java.base/sun.nio.ch.SocketChannelImpl.beginConnect(SocketChannelImpl.java:873) ~[?:?]
	at java.base/sun.nio.ch.SocketChannelImpl.connect(SocketChannelImpl.java:961) ~[?:?]
	at java.net.http/jdk.internal.net.http.PlainHttpConnection.lambda$connectAsync$1(PlainHttpConnection.java:210) ~[java.net.http:?]
	at java.base/java.security.AccessController.doPrivileged(AccessController.java:571) ~[?:?]
	at java.net.http/jdk.internal.net.http.PlainHttpConnection.connectAsync(PlainHttpConnection.java:212) ~[java.net.http:?]
	at java.net.http/jdk.internal.net.http.PlainHttpConnection.checkRetryConnect(PlainHttpConnection.java:280) ~[java.net.http:?]
	at java.net.http/jdk.internal.net.http.PlainHttpConnection.lambda$connectAsync$2(PlainHttpConnection.java:238) ~[java.net.http:?]
	at java.base/java.util.concurrent.CompletableFuture.uniHandle(CompletableFuture.java:934) ~[?:?]
	at java.base/java.util.concurrent.CompletableFuture$UniHandle.tryFire(CompletableFuture.java:911) ~[?:?]
	at java.base/java.util.concurrent.CompletableFuture.postComplete(CompletableFuture.java:510) ~[?:?]
	at java.base/java.util.concurrent.CompletableFuture$AsyncSupply.run(CompletableFuture.java:1773) ~[?:?]
	... 3 more
2025-04-06 16:40:25 DEBUG TestNG:82 - suiteXmlPath: "/Users/lennoxfernandes/eclipse-workspace/AdlibSearchQA/testng.xml"
2025-04-06 16:40:25 INFO  Utils:112 - [TestNG] Running:
  /Users/lennoxfernandes/eclipse-workspace/AdlibSearchQA/testng.xml

2025-04-06 16:45:52 DEBUG TestNG:82 - suiteXmlPath: "/Users/lennoxfernandes/eclipse-workspace/AdlibSearchQA/testng.xml"
2025-04-06 16:45:53 INFO  Utils:112 - [TestNG] Running:
  /Users/lennoxfernandes/eclipse-workspace/AdlibSearchQA/testng.xml

2025-04-06 16:45:53 INFO  BaseClass:42 - Starting Test Execution - OS: Mac, Browser: chrome
2025-04-06 16:45:53 DEBUG BaseClass:69 - Loaded config.properties successfully.
2025-04-06 16:45:53 INFO  BaseClass:76 - Execution Environment: local
2025-04-06 16:45:53 INFO  BaseClass:118 - Launching Chrome Browser
2025-04-06 16:46:04 INFO  BaseClass:59 - Application launched at URL: https://demo.nopcommerce.com/search
2025-04-06 16:46:16 DEBUG InternalLoggerFactory:76 - Using Log4J2 as the default logging framework
2025-04-06 16:46:16 DEBUG ResourceLeakDetector:129 - -Dcom.shaded.netty.leakDetection.level: simple
2025-04-06 16:46:16 DEBUG ResourceLeakDetector:130 - -Dcom.shaded.netty.leakDetection.targetRecords: 4
2025-04-06 16:46:16 DEBUG ResourceLeakDetectorFactory:196 - Loaded default ResourceLeakDetector: com.shaded.netty.util.ResourceLeakDetector@a3a1008
2025-04-06 16:46:16 DEBUG PlatformDependent0:554 - -Dio.netty.noUnsafe: false
2025-04-06 16:46:16 DEBUG PlatformDependent0:1072 - Java version: 22
2025-04-06 16:46:16 DEBUG PlatformDependent0:140 - sun.misc.Unsafe.theUnsafe: available
2025-04-06 16:46:16 DEBUG PlatformDependent0:203 - sun.misc.Unsafe base methods: all available
2025-04-06 16:46:16 DEBUG PlatformDependent0:235 - sun.misc.Unsafe.storeFence: available
2025-04-06 16:46:16 DEBUG PlatformDependent0:278 - java.nio.Buffer.address: available
2025-04-06 16:46:16 DEBUG PlatformDependent0:364 - direct buffer constructor: unavailable: Reflective setAccessible(true) disabled
2025-04-06 16:46:16 DEBUG PlatformDependent0:442 - java.nio.Bits.unaligned: available, true
2025-04-06 16:46:16 DEBUG PlatformDependent0:510 - jdk.internal.misc.Unsafe.allocateUninitializedArray(int): unavailable: class com.shaded.netty.util.internal.PlatformDependent0$7 cannot access class jdk.internal.misc.Unsafe (in module java.base) because module java.base does not export jdk.internal.misc to unnamed module @6aa8ceb6
2025-04-06 16:46:16 DEBUG PlatformDependent0:540 - java.nio.DirectByteBuffer.<init>(long, {int,long}): unavailable
2025-04-06 16:46:16 DEBUG PlatformDependent:1196 - sun.misc.Unsafe: available
2025-04-06 16:46:16 DEBUG PlatformDependent:1342 - -Dio.netty.tmpdir: /var/folders/z_/tbltfn_91dq_0s0wll4140y00000gn/T (java.io.tmpdir)
2025-04-06 16:46:16 DEBUG PlatformDependent:1421 - -Dio.netty.bitMode: 64 (sun.arch.data.model)
2025-04-06 16:46:16 DEBUG PlatformDependent:1164 - Platform: MacOS
2025-04-06 16:46:16 DEBUG PlatformDependent:180 - -Dio.netty.maxDirectMemory: -1 bytes
2025-04-06 16:46:16 DEBUG PlatformDependent:187 - -Dio.netty.uninitializedArrayAllocationThreshold: -1
2025-04-06 16:46:16 DEBUG CleanerJava9:71 - java.nio.ByteBuffer.cleaner(): available
2025-04-06 16:46:16 DEBUG PlatformDependent:207 - -Dio.netty.noPreferDirect: false
2025-04-06 16:46:16 DEBUG PlatformDependent:1030 - org.jctools-core.MpscChunkedArrayQueue: available
2025-04-06 16:46:16 DEBUG JdkSslContext:84 - Default protocols (JDK): [TLSv1.3, TLSv1.2] 
2025-04-06 16:46:16 DEBUG JdkSslContext:85 - Default cipher suites (JDK): [TLS_ECDHE_ECDSA_WITH_AES_256_GCM_SHA384, TLS_ECDHE_ECDSA_WITH_AES_128_GCM_SHA256, TLS_ECDHE_RSA_WITH_AES_128_GCM_SHA256, TLS_ECDHE_RSA_WITH_AES_256_GCM_SHA384, TLS_ECDHE_RSA_WITH_AES_128_CBC_SHA, TLS_ECDHE_RSA_WITH_AES_256_CBC_SHA, TLS_RSA_WITH_AES_128_GCM_SHA256, TLS_RSA_WITH_AES_128_CBC_SHA, TLS_RSA_WITH_AES_256_CBC_SHA, TLS_AES_128_GCM_SHA256, TLS_AES_256_GCM_SHA384]
2025-04-06 16:46:16 DEBUG GlobalEventExecutor:54 - -Dio.netty.globalEventExecutor.quietPeriodSeconds: 1
2025-04-06 16:46:16 DEBUG InternalThreadLocalMap:100 - -Dio.netty.threadLocalMap.stringBuilder.initialSize: 1024
2025-04-06 16:46:16 DEBUG InternalThreadLocalMap:101 - -Dio.netty.threadLocalMap.stringBuilder.maxSize: 4096
2025-04-06 16:46:16 DEBUG MultithreadEventLoopGroup:44 - -Dio.netty.eventLoopThreads: 20
2025-04-06 16:46:16 DEBUG NioEventLoop:110 - -Dio.netty.noKeySetOptimization: false
2025-04-06 16:46:16 DEBUG NioEventLoop:111 - -Dio.netty.selectorAutoRebuildThreshold: 512
2025-04-06 16:46:16 DEBUG PooledByteBufAllocator:161 - -Dio.netty.allocator.numHeapArenas: 20
2025-04-06 16:46:16 DEBUG PooledByteBufAllocator:162 - -Dio.netty.allocator.numDirectArenas: 20
2025-04-06 16:46:16 DEBUG PooledByteBufAllocator:164 - -Dio.netty.allocator.pageSize: 8192
2025-04-06 16:46:16 DEBUG PooledByteBufAllocator:169 - -Dio.netty.allocator.maxOrder: 9
2025-04-06 16:46:16 DEBUG PooledByteBufAllocator:173 - -Dio.netty.allocator.chunkSize: 4194304
2025-04-06 16:46:16 DEBUG PooledByteBufAllocator:174 - -Dio.netty.allocator.smallCacheSize: 256
2025-04-06 16:46:16 DEBUG PooledByteBufAllocator:175 - -Dio.netty.allocator.normalCacheSize: 64
2025-04-06 16:46:16 DEBUG PooledByteBufAllocator:176 - -Dio.netty.allocator.maxCachedBufferCapacity: 32768
2025-04-06 16:46:16 DEBUG PooledByteBufAllocator:177 - -Dio.netty.allocator.cacheTrimInterval: 8192
2025-04-06 16:46:16 DEBUG PooledByteBufAllocator:178 - -Dio.netty.allocator.cacheTrimIntervalMillis: 0
2025-04-06 16:46:16 DEBUG PooledByteBufAllocator:179 - -Dio.netty.allocator.useCacheForAllThreads: false
2025-04-06 16:46:16 DEBUG PooledByteBufAllocator:180 - -Dio.netty.allocator.maxCachedByteBuffersPerChunk: 1023
2025-04-06 16:46:16 DEBUG PooledByteBufAllocator:182 - -Dio.netty.allocator.disableCacheFinalizersForFastThreadLocalThreads: false
2025-04-06 16:46:16 DEBUG ByteBufUtil:89 - -Dio.netty.allocator.type: pooled
2025-04-06 16:46:16 DEBUG ByteBufUtil:101 - -Dio.netty.threadLocalDirectBufferSize: 0
2025-04-06 16:46:16 DEBUG ByteBufUtil:104 - -Dio.netty.maxThreadLocalCharBufferSize: 16384
2025-04-06 16:46:16 DEBUG ThreadLocalRandom:214 - -Dio.netty.initialSeedUniquifier: 0xea1c0417486e6edd
2025-04-06 16:46:16 DEBUG DefaultChannelId:84 - -Dio.netty.processId: 8415 (auto-detected)
2025-04-06 16:46:16 DEBUG NetUtil:149 - -Djava.net.preferIPv4Stack: false
2025-04-06 16:46:16 DEBUG NetUtil:150 - -Djava.net.preferIPv6Addresses: false
2025-04-06 16:46:16 DEBUG NetUtilInitializations:145 - Loopback interface: lo0 (lo0, 0:0:0:0:0:0:0:1%lo0)
2025-04-06 16:46:16 DEBUG NetUtil:216 - Failed to get SOMAXCONN from sysctl and file /proc/sys/net/core/somaxconn. Default: 128
2025-04-06 16:46:16 DEBUG DefaultChannelId:106 - -Dio.netty.machineId: b6:c5:30:ff:fe:b8:f8:95 (auto-detected)
2025-04-06 16:46:16 DEBUG ChannelInitializerExtensions:54 - -Dio.netty.bootstrap.extensions: null
2025-04-06 16:46:16 DEBUG AbstractByteBuf:63 - -Dcom.shaded.netty.buffer.checkAccessible: true
2025-04-06 16:46:16 DEBUG AbstractByteBuf:64 - -Dcom.shaded.netty.buffer.checkBounds: true
2025-04-06 16:46:16 DEBUG ResourceLeakDetectorFactory:196 - Loaded default ResourceLeakDetector: com.shaded.netty.util.ResourceLeakDetector@6833dcf5
2025-04-06 16:46:16 DEBUG Recycler:96 - -Dio.netty.recycler.maxCapacityPerThread: 4096
2025-04-06 16:46:16 DEBUG Recycler:97 - -Dio.netty.recycler.ratio: 8
2025-04-06 16:46:16 DEBUG Recycler:98 - -Dio.netty.recycler.chunkSize: 32
2025-04-06 16:46:16 DEBUG Recycler:99 - -Dio.netty.recycler.blocking: false
2025-04-06 16:46:16 DEBUG Recycler:100 - -Dio.netty.recycler.batchFastThreadLocalOnly: true
2025-04-06 16:46:32 INFO  BaseClass:156 - Screenshot saved at: /Users/lennoxfernandes/eclipse-workspace/AdlibSearchQA/screenshots/SearchPageUI_20250406044632.png
2025-04-06 16:46:38 INFO  BaseClass:156 - Screenshot saved at: /Users/lennoxfernandes/eclipse-workspace/AdlibSearchQA/screenshots/testSearchPageUI_20250406044637.png
2025-04-06 16:46:38 INFO  BaseClass:135 - Closing browser...
2025-04-06 16:46:38 INFO  BaseClass:138 - Browser closed and driver removed.
2025-04-06 16:56:08 DEBUG TestNG:82 - suiteXmlPath: "/Users/lennoxfernandes/eclipse-workspace/AdlibSearchQA/testng.xml"
2025-04-06 16:56:08 INFO  Utils:112 - [TestNG] Running:
  /Users/lennoxfernandes/eclipse-workspace/AdlibSearchQA/testng.xml

2025-04-06 16:56:08 INFO  BaseClass:42 - Starting Test Execution - OS: Mac, Browser: chrome
2025-04-06 16:56:08 DEBUG BaseClass:69 - Loaded config.properties successfully.
2025-04-06 16:56:08 INFO  BaseClass:76 - Execution Environment: local
2025-04-06 16:56:08 INFO  BaseClass:118 - Launching Chrome Browser
2025-04-06 16:56:17 INFO  BaseClass:59 - Application launched at URL: https://demo.nopcommerce.com/search
2025-04-06 16:56:30 DEBUG InternalLoggerFactory:76 - Using Log4J2 as the default logging framework
2025-04-06 16:56:30 DEBUG ResourceLeakDetector:129 - -Dcom.shaded.netty.leakDetection.level: simple
2025-04-06 16:56:30 DEBUG ResourceLeakDetector:130 - -Dcom.shaded.netty.leakDetection.targetRecords: 4
2025-04-06 16:56:30 DEBUG ResourceLeakDetectorFactory:196 - Loaded default ResourceLeakDetector: com.shaded.netty.util.ResourceLeakDetector@6c6656b0
2025-04-06 16:56:30 DEBUG PlatformDependent0:554 - -Dio.netty.noUnsafe: false
2025-04-06 16:56:30 DEBUG PlatformDependent0:1072 - Java version: 22
2025-04-06 16:56:30 DEBUG PlatformDependent0:140 - sun.misc.Unsafe.theUnsafe: available
2025-04-06 16:56:30 DEBUG PlatformDependent0:203 - sun.misc.Unsafe base methods: all available
2025-04-06 16:56:30 DEBUG PlatformDependent0:235 - sun.misc.Unsafe.storeFence: available
2025-04-06 16:56:30 DEBUG PlatformDependent0:278 - java.nio.Buffer.address: available
2025-04-06 16:56:30 DEBUG PlatformDependent0:364 - direct buffer constructor: unavailable: Reflective setAccessible(true) disabled
2025-04-06 16:56:30 DEBUG PlatformDependent0:442 - java.nio.Bits.unaligned: available, true
2025-04-06 16:56:30 DEBUG PlatformDependent0:510 - jdk.internal.misc.Unsafe.allocateUninitializedArray(int): unavailable: class com.shaded.netty.util.internal.PlatformDependent0$7 cannot access class jdk.internal.misc.Unsafe (in module java.base) because module java.base does not export jdk.internal.misc to unnamed module @6aa8ceb6
2025-04-06 16:56:30 DEBUG PlatformDependent0:540 - java.nio.DirectByteBuffer.<init>(long, {int,long}): unavailable
2025-04-06 16:56:30 DEBUG PlatformDependent:1196 - sun.misc.Unsafe: available
2025-04-06 16:56:30 DEBUG PlatformDependent:1342 - -Dio.netty.tmpdir: /var/folders/z_/tbltfn_91dq_0s0wll4140y00000gn/T (java.io.tmpdir)
2025-04-06 16:56:30 DEBUG PlatformDependent:1421 - -Dio.netty.bitMode: 64 (sun.arch.data.model)
2025-04-06 16:56:30 DEBUG PlatformDependent:1164 - Platform: MacOS
2025-04-06 16:56:30 DEBUG PlatformDependent:180 - -Dio.netty.maxDirectMemory: -1 bytes
2025-04-06 16:56:30 DEBUG PlatformDependent:187 - -Dio.netty.uninitializedArrayAllocationThreshold: -1
2025-04-06 16:56:30 DEBUG CleanerJava9:71 - java.nio.ByteBuffer.cleaner(): available
2025-04-06 16:56:30 DEBUG PlatformDependent:207 - -Dio.netty.noPreferDirect: false
2025-04-06 16:56:30 DEBUG PlatformDependent:1030 - org.jctools-core.MpscChunkedArrayQueue: available
2025-04-06 16:56:30 DEBUG JdkSslContext:84 - Default protocols (JDK): [TLSv1.3, TLSv1.2] 
2025-04-06 16:56:30 DEBUG JdkSslContext:85 - Default cipher suites (JDK): [TLS_ECDHE_ECDSA_WITH_AES_256_GCM_SHA384, TLS_ECDHE_ECDSA_WITH_AES_128_GCM_SHA256, TLS_ECDHE_RSA_WITH_AES_128_GCM_SHA256, TLS_ECDHE_RSA_WITH_AES_256_GCM_SHA384, TLS_ECDHE_RSA_WITH_AES_128_CBC_SHA, TLS_ECDHE_RSA_WITH_AES_256_CBC_SHA, TLS_RSA_WITH_AES_128_GCM_SHA256, TLS_RSA_WITH_AES_128_CBC_SHA, TLS_RSA_WITH_AES_256_CBC_SHA, TLS_AES_128_GCM_SHA256, TLS_AES_256_GCM_SHA384]
2025-04-06 16:56:30 DEBUG GlobalEventExecutor:54 - -Dio.netty.globalEventExecutor.quietPeriodSeconds: 1
2025-04-06 16:56:30 DEBUG InternalThreadLocalMap:100 - -Dio.netty.threadLocalMap.stringBuilder.initialSize: 1024
2025-04-06 16:56:30 DEBUG InternalThreadLocalMap:101 - -Dio.netty.threadLocalMap.stringBuilder.maxSize: 4096
2025-04-06 16:56:30 DEBUG MultithreadEventLoopGroup:44 - -Dio.netty.eventLoopThreads: 20
2025-04-06 16:56:30 DEBUG NioEventLoop:110 - -Dio.netty.noKeySetOptimization: false
2025-04-06 16:56:30 DEBUG NioEventLoop:111 - -Dio.netty.selectorAutoRebuildThreshold: 512
2025-04-06 16:56:30 DEBUG PooledByteBufAllocator:161 - -Dio.netty.allocator.numHeapArenas: 20
2025-04-06 16:56:30 DEBUG PooledByteBufAllocator:162 - -Dio.netty.allocator.numDirectArenas: 20
2025-04-06 16:56:30 DEBUG PooledByteBufAllocator:164 - -Dio.netty.allocator.pageSize: 8192
2025-04-06 16:56:30 DEBUG PooledByteBufAllocator:169 - -Dio.netty.allocator.maxOrder: 9
2025-04-06 16:56:30 DEBUG PooledByteBufAllocator:173 - -Dio.netty.allocator.chunkSize: 4194304
2025-04-06 16:56:30 DEBUG PooledByteBufAllocator:174 - -Dio.netty.allocator.smallCacheSize: 256
2025-04-06 16:56:30 DEBUG PooledByteBufAllocator:175 - -Dio.netty.allocator.normalCacheSize: 64
2025-04-06 16:56:30 DEBUG PooledByteBufAllocator:176 - -Dio.netty.allocator.maxCachedBufferCapacity: 32768
2025-04-06 16:56:30 DEBUG PooledByteBufAllocator:177 - -Dio.netty.allocator.cacheTrimInterval: 8192
2025-04-06 16:56:30 DEBUG PooledByteBufAllocator:178 - -Dio.netty.allocator.cacheTrimIntervalMillis: 0
2025-04-06 16:56:30 DEBUG PooledByteBufAllocator:179 - -Dio.netty.allocator.useCacheForAllThreads: false
2025-04-06 16:56:30 DEBUG PooledByteBufAllocator:180 - -Dio.netty.allocator.maxCachedByteBuffersPerChunk: 1023
2025-04-06 16:56:30 DEBUG PooledByteBufAllocator:182 - -Dio.netty.allocator.disableCacheFinalizersForFastThreadLocalThreads: false
2025-04-06 16:56:30 DEBUG ByteBufUtil:89 - -Dio.netty.allocator.type: pooled
2025-04-06 16:56:30 DEBUG ByteBufUtil:101 - -Dio.netty.threadLocalDirectBufferSize: 0
2025-04-06 16:56:30 DEBUG ByteBufUtil:104 - -Dio.netty.maxThreadLocalCharBufferSize: 16384
2025-04-06 16:56:30 DEBUG ThreadLocalRandom:214 - -Dio.netty.initialSeedUniquifier: 0x4d0d9bbe65724ee3
2025-04-06 16:56:30 DEBUG DefaultChannelId:84 - -Dio.netty.processId: 8718 (auto-detected)
2025-04-06 16:56:30 DEBUG NetUtil:149 - -Djava.net.preferIPv4Stack: false
2025-04-06 16:56:30 DEBUG NetUtil:150 - -Djava.net.preferIPv6Addresses: false
2025-04-06 16:56:30 DEBUG NetUtilInitializations:145 - Loopback interface: lo0 (lo0, 0:0:0:0:0:0:0:1%lo0)
2025-04-06 16:56:30 DEBUG NetUtil:216 - Failed to get SOMAXCONN from sysctl and file /proc/sys/net/core/somaxconn. Default: 128
2025-04-06 16:56:30 DEBUG DefaultChannelId:106 - -Dio.netty.machineId: b6:c5:30:ff:fe:b8:f8:95 (auto-detected)
2025-04-06 16:56:30 DEBUG ChannelInitializerExtensions:54 - -Dio.netty.bootstrap.extensions: null
2025-04-06 16:56:30 DEBUG AbstractByteBuf:63 - -Dcom.shaded.netty.buffer.checkAccessible: true
2025-04-06 16:56:30 DEBUG AbstractByteBuf:64 - -Dcom.shaded.netty.buffer.checkBounds: true
2025-04-06 16:56:30 DEBUG ResourceLeakDetectorFactory:196 - Loaded default ResourceLeakDetector: com.shaded.netty.util.ResourceLeakDetector@22add9f8
2025-04-06 16:56:30 DEBUG Recycler:96 - -Dio.netty.recycler.maxCapacityPerThread: 4096
2025-04-06 16:56:30 DEBUG Recycler:97 - -Dio.netty.recycler.ratio: 8
2025-04-06 16:56:30 DEBUG Recycler:98 - -Dio.netty.recycler.chunkSize: 32
2025-04-06 16:56:30 DEBUG Recycler:99 - -Dio.netty.recycler.blocking: false
2025-04-06 16:56:30 DEBUG Recycler:100 - -Dio.netty.recycler.batchFastThreadLocalOnly: true
2025-04-06 16:56:47 INFO  BaseClass:156 - Screenshot saved at: /Users/lennoxfernandes/eclipse-workspace/AdlibSearchQA/screenshots/SearchPageUI_20250406045647.png
2025-04-06 16:56:52 INFO  BaseClass:135 - Closing browser...
2025-04-06 16:56:57 ERROR BaseClass:141 - Error while closing browser: Timed out waiting for driver server to stop.
Build info: version: '4.28.1', revision: '73f5ad48a2'
System info: os.name: 'Mac OS X', os.arch: 'aarch64', os.version: '15.3.2', java.version: '22.0.2'
Driver info: org.openqa.selenium.chrome.ChromeDriver
Command: [883e0d58b97aed1b66036185389e0bff, quit {}]
Capabilities {acceptInsecureCerts: false, browserName: chrome, browserVersion: 134.0.6998.166, chrome: {chromedriverVersion: 134.0.6998.165 (fd886e2cb29..., userDataDir: /var/folders/z_/tbltfn_91dq...}, fedcm:accounts: true, goog:chromeOptions: {debuggerAddress: localhost:52980}, networkConnectionEnabled: false, pageLoadStrategy: normal, platformName: mac, proxy: Proxy(), se:cdp: ws://localhost:52980/devtoo..., se:cdpVersion: 134.0.6998.166, setWindowRect: true, strictFileInteractability: false, timeouts: {implicit: 0, pageLoad: 300000, script: 30000}, unhandledPromptBehavior: dismiss and notify, webauthn:extension:credBlob: true, webauthn:extension:largeBlob: true, webauthn:extension:minPinLength: true, webauthn:extension:prf: true, webauthn:virtualAuthenticators: true}
Session ID: 883e0d58b97aed1b66036185389e0bff
org.openqa.selenium.WebDriverException: Timed out waiting for driver server to stop.
Build info: version: '4.28.1', revision: '73f5ad48a2'
System info: os.name: 'Mac OS X', os.arch: 'aarch64', os.version: '15.3.2', java.version: '22.0.2'
Driver info: org.openqa.selenium.chrome.ChromeDriver
Command: [883e0d58b97aed1b66036185389e0bff, quit {}]
Capabilities {acceptInsecureCerts: false, browserName: chrome, browserVersion: 134.0.6998.166, chrome: {chromedriverVersion: 134.0.6998.165 (fd886e2cb29..., userDataDir: /var/folders/z_/tbltfn_91dq...}, fedcm:accounts: true, goog:chromeOptions: {debuggerAddress: localhost:52980}, networkConnectionEnabled: false, pageLoadStrategy: normal, platformName: mac, proxy: Proxy(), se:cdp: ws://localhost:52980/devtoo..., se:cdpVersion: 134.0.6998.166, setWindowRect: true, strictFileInteractability: false, timeouts: {implicit: 0, pageLoad: 300000, script: 30000}, unhandledPromptBehavior: dismiss and notify, webauthn:extension:credBlob: true, webauthn:extension:largeBlob: true, webauthn:extension:minPinLength: true, webauthn:extension:prf: true, webauthn:virtualAuthenticators: true}
Session ID: 883e0d58b97aed1b66036185389e0bff
	at org.openqa.selenium.remote.service.DriverCommandExecutor.execute(DriverCommandExecutor.java:164) ~[selenium-remote-driver-4.28.1.jar:?]
	at org.openqa.selenium.remote.RemoteWebDriver.execute(RemoteWebDriver.java:545) ~[selenium-remote-driver-4.28.1.jar:?]
	at org.openqa.selenium.remote.RemoteWebDriver.execute(RemoteWebDriver.java:618) ~[selenium-remote-driver-4.28.1.jar:?]
	at org.openqa.selenium.remote.RemoteWebDriver.execute(RemoteWebDriver.java:622) ~[selenium-remote-driver-4.28.1.jar:?]
	at org.openqa.selenium.remote.RemoteWebDriver.quit(RemoteWebDriver.java:446) ~[selenium-remote-driver-4.28.1.jar:?]
	at org.openqa.selenium.chromium.ChromiumDriver.quit(ChromiumDriver.java:436) ~[selenium-chromium-driver-4.28.1.jar:?]
	at testBase.BaseClass.closeApp(BaseClass.java:136) ~[test-classes/:?]
	at java.base/jdk.internal.reflect.DirectMethodHandleAccessor.invoke(DirectMethodHandleAccessor.java:103) ~[?:?]
	at java.base/java.lang.reflect.Method.invoke(Method.java:580) ~[?:?]
	at org.testng.internal.invokers.MethodInvocationHelper.invokeMethod(MethodInvocationHelper.java:141) ~[testng-7.10.2.jar:7.10.2]
	at org.testng.internal.invokers.MethodInvocationHelper.invokeMethodConsideringTimeout(MethodInvocationHelper.java:71) ~[testng-7.10.2.jar:7.10.2]
	at org.testng.internal.invokers.ConfigInvoker.invokeConfigurationMethod(ConfigInvoker.java:400) ~[testng-7.10.2.jar:7.10.2]
	at org.testng.internal.invokers.ConfigInvoker.invokeConfigurations(ConfigInvoker.java:333) ~[testng-7.10.2.jar:7.10.2]
	at org.testng.internal.invokers.TestMethodWorker.invokeAfterClassConfigurations(TestMethodWorker.java:238) ~[testng-7.10.2.jar:7.10.2]
	at org.testng.internal.invokers.TestMethodWorker.invokeAfterClassMethods(TestMethodWorker.java:223) ~[testng-7.10.2.jar:7.10.2]
	at org.testng.internal.invokers.TestMethodWorker.run(TestMethodWorker.java:137) ~[testng-7.10.2.jar:7.10.2]
	at java.base/java.util.ArrayList.forEach(ArrayList.java:1597) ~[?:?]
	at org.testng.TestRunner.privateRun(TestRunner.java:739) ~[testng-7.10.2.jar:7.10.2]
	at org.testng.TestRunner.run(TestRunner.java:614) ~[testng-7.10.2.jar:7.10.2]
	at org.testng.SuiteRunner.runTest(SuiteRunner.java:421) ~[testng-7.10.2.jar:7.10.2]
	at org.testng.SuiteRunner$SuiteWorker.run(SuiteRunner.java:463) ~[testng-7.10.2.jar:7.10.2]
	at org.testng.internal.thread.ThreadUtil.lambda$execute$0(ThreadUtil.java:64) ~[testng-7.10.2.jar:7.10.2]
	at java.base/java.util.concurrent.FutureTask.run(FutureTask.java:317) ~[?:?]
	at java.base/java.util.concurrent.ThreadPoolExecutor.runWorker(ThreadPoolExecutor.java:1144) ~[?:?]
	at java.base/java.util.concurrent.ThreadPoolExecutor$Worker.run(ThreadPoolExecutor.java:642) ~[?:?]
	at java.base/java.lang.Thread.run(Thread.java:1570) [?:?]
Caused by: java.util.concurrent.ExecutionException: java.io.UncheckedIOException: java.net.ConnectException
	at java.base/java.util.concurrent.CompletableFuture.reportGet(CompletableFuture.java:396) ~[?:?]
	at java.base/java.util.concurrent.CompletableFuture.get(CompletableFuture.java:2096) ~[?:?]
	at org.openqa.selenium.remote.service.DriverCommandExecutor.execute(DriverCommandExecutor.java:160) ~[selenium-remote-driver-4.28.1.jar:?]
	... 25 more
Caused by: java.io.UncheckedIOException: java.net.ConnectException
	at org.openqa.selenium.remote.http.jdk.JdkHttpClient.execute0(JdkHttpClient.java:497) ~[selenium-http-4.28.1.jar:?]
	at org.openqa.selenium.remote.http.AddSeleniumUserAgent.lambda$apply$0(AddSeleniumUserAgent.java:42) ~[selenium-http-4.28.1.jar:?]
	at org.openqa.selenium.remote.http.Filter.lambda$andFinally$1(Filter.java:55) ~[selenium-http-4.28.1.jar:?]
	at org.openqa.selenium.remote.http.jdk.JdkHttpClient.lambda$executeAsync$1(JdkHttpClient.java:384) ~[selenium-http-4.28.1.jar:?]
	at java.base/java.util.concurrent.Executors$RunnableAdapter.call(Executors.java:572) ~[?:?]
	... 4 more
Caused by: java.net.ConnectException
	at java.net.http/jdk.internal.net.http.HttpClientImpl.send(HttpClientImpl.java:956) ~[java.net.http:?]
	at java.net.http/jdk.internal.net.http.HttpClientFacade.send(HttpClientFacade.java:133) ~[java.net.http:?]
	at org.openqa.selenium.remote.http.jdk.JdkHttpClient.execute0(JdkHttpClient.java:456) ~[selenium-http-4.28.1.jar:?]
	at org.openqa.selenium.remote.http.AddSeleniumUserAgent.lambda$apply$0(AddSeleniumUserAgent.java:42) ~[selenium-http-4.28.1.jar:?]
	at org.openqa.selenium.remote.http.Filter.lambda$andFinally$1(Filter.java:55) ~[selenium-http-4.28.1.jar:?]
	at org.openqa.selenium.remote.http.jdk.JdkHttpClient.lambda$executeAsync$1(JdkHttpClient.java:384) ~[selenium-http-4.28.1.jar:?]
	at java.base/java.util.concurrent.Executors$RunnableAdapter.call(Executors.java:572) ~[?:?]
	... 4 more
Caused by: java.net.ConnectException
	at java.net.http/jdk.internal.net.http.common.Utils.toConnectException(Utils.java:1065) ~[java.net.http:?]
	at java.net.http/jdk.internal.net.http.PlainHttpConnection.connectAsync(PlainHttpConnection.java:227) ~[java.net.http:?]
	at java.net.http/jdk.internal.net.http.PlainHttpConnection.checkRetryConnect(PlainHttpConnection.java:280) ~[java.net.http:?]
	at java.net.http/jdk.internal.net.http.PlainHttpConnection.lambda$connectAsync$2(PlainHttpConnection.java:238) ~[java.net.http:?]
	at java.base/java.util.concurrent.CompletableFuture.uniHandle(CompletableFuture.java:934) ~[?:?]
	at java.base/java.util.concurrent.CompletableFuture$UniHandle.tryFire(CompletableFuture.java:911) ~[?:?]
	at java.base/java.util.concurrent.CompletableFuture.postComplete(CompletableFuture.java:510) ~[?:?]
	at java.base/java.util.concurrent.CompletableFuture$AsyncSupply.run(CompletableFuture.java:1773) ~[?:?]
	... 3 more
Caused by: java.nio.channels.ClosedChannelException
	at java.base/sun.nio.ch.SocketChannelImpl.ensureOpen(SocketChannelImpl.java:204) ~[?:?]
	at java.base/sun.nio.ch.SocketChannelImpl.beginConnect(SocketChannelImpl.java:873) ~[?:?]
	at java.base/sun.nio.ch.SocketChannelImpl.connect(SocketChannelImpl.java:961) ~[?:?]
	at java.net.http/jdk.internal.net.http.PlainHttpConnection.lambda$connectAsync$1(PlainHttpConnection.java:210) ~[java.net.http:?]
	at java.base/java.security.AccessController.doPrivileged(AccessController.java:571) ~[?:?]
	at java.net.http/jdk.internal.net.http.PlainHttpConnection.connectAsync(PlainHttpConnection.java:212) ~[java.net.http:?]
	at java.net.http/jdk.internal.net.http.PlainHttpConnection.checkRetryConnect(PlainHttpConnection.java:280) ~[java.net.http:?]
	at java.net.http/jdk.internal.net.http.PlainHttpConnection.lambda$connectAsync$2(PlainHttpConnection.java:238) ~[java.net.http:?]
	at java.base/java.util.concurrent.CompletableFuture.uniHandle(CompletableFuture.java:934) ~[?:?]
	at java.base/java.util.concurrent.CompletableFuture$UniHandle.tryFire(CompletableFuture.java:911) ~[?:?]
	at java.base/java.util.concurrent.CompletableFuture.postComplete(CompletableFuture.java:510) ~[?:?]
	at java.base/java.util.concurrent.CompletableFuture$AsyncSupply.run(CompletableFuture.java:1773) ~[?:?]
	... 3 more
2025-04-06 17:06:45 DEBUG TestNG:82 - suiteXmlPath: "/Users/lennoxfernandes/eclipse-workspace/AdlibSearchQA/testng.xml"
2025-04-06 17:06:45 INFO  Utils:112 - [TestNG] Running:
  /Users/lennoxfernandes/eclipse-workspace/AdlibSearchQA/testng.xml

2025-04-06 17:06:45 INFO  BaseClass:42 - Starting Test Execution - OS: Mac, Browser: chrome
2025-04-06 17:06:45 DEBUG BaseClass:69 - Loaded config.properties successfully.
2025-04-06 17:06:45 INFO  BaseClass:76 - Execution Environment: local
2025-04-06 17:06:45 INFO  BaseClass:118 - Launching Chrome Browser
2025-04-06 17:06:54 INFO  BaseClass:59 - Application launched at URL: https://demo.nopcommerce.com/search
2025-04-06 17:07:07 DEBUG InternalLoggerFactory:76 - Using Log4J2 as the default logging framework
2025-04-06 17:07:07 DEBUG ResourceLeakDetector:129 - -Dcom.shaded.netty.leakDetection.level: simple
2025-04-06 17:07:07 DEBUG ResourceLeakDetector:130 - -Dcom.shaded.netty.leakDetection.targetRecords: 4
2025-04-06 17:07:07 DEBUG ResourceLeakDetectorFactory:196 - Loaded default ResourceLeakDetector: com.shaded.netty.util.ResourceLeakDetector@59ea3289
2025-04-06 17:07:07 DEBUG PlatformDependent0:554 - -Dio.netty.noUnsafe: false
2025-04-06 17:07:07 DEBUG PlatformDependent0:1072 - Java version: 22
2025-04-06 17:07:07 DEBUG PlatformDependent0:140 - sun.misc.Unsafe.theUnsafe: available
2025-04-06 17:07:07 DEBUG PlatformDependent0:203 - sun.misc.Unsafe base methods: all available
2025-04-06 17:07:07 DEBUG PlatformDependent0:235 - sun.misc.Unsafe.storeFence: available
2025-04-06 17:07:07 DEBUG PlatformDependent0:278 - java.nio.Buffer.address: available
2025-04-06 17:07:07 DEBUG PlatformDependent0:364 - direct buffer constructor: unavailable: Reflective setAccessible(true) disabled
2025-04-06 17:07:07 DEBUG PlatformDependent0:442 - java.nio.Bits.unaligned: available, true
2025-04-06 17:07:07 DEBUG PlatformDependent0:510 - jdk.internal.misc.Unsafe.allocateUninitializedArray(int): unavailable: class com.shaded.netty.util.internal.PlatformDependent0$7 cannot access class jdk.internal.misc.Unsafe (in module java.base) because module java.base does not export jdk.internal.misc to unnamed module @6aa8ceb6
2025-04-06 17:07:07 DEBUG PlatformDependent0:540 - java.nio.DirectByteBuffer.<init>(long, {int,long}): unavailable
2025-04-06 17:07:07 DEBUG PlatformDependent:1196 - sun.misc.Unsafe: available
2025-04-06 17:07:07 DEBUG PlatformDependent:1342 - -Dio.netty.tmpdir: /var/folders/z_/tbltfn_91dq_0s0wll4140y00000gn/T (java.io.tmpdir)
2025-04-06 17:07:07 DEBUG PlatformDependent:1421 - -Dio.netty.bitMode: 64 (sun.arch.data.model)
2025-04-06 17:07:07 DEBUG PlatformDependent:1164 - Platform: MacOS
2025-04-06 17:07:07 DEBUG PlatformDependent:180 - -Dio.netty.maxDirectMemory: -1 bytes
2025-04-06 17:07:07 DEBUG PlatformDependent:187 - -Dio.netty.uninitializedArrayAllocationThreshold: -1
2025-04-06 17:07:07 DEBUG CleanerJava9:71 - java.nio.ByteBuffer.cleaner(): available
2025-04-06 17:07:07 DEBUG PlatformDependent:207 - -Dio.netty.noPreferDirect: false
2025-04-06 17:07:07 DEBUG PlatformDependent:1030 - org.jctools-core.MpscChunkedArrayQueue: available
2025-04-06 17:07:07 DEBUG JdkSslContext:84 - Default protocols (JDK): [TLSv1.3, TLSv1.2] 
2025-04-06 17:07:07 DEBUG JdkSslContext:85 - Default cipher suites (JDK): [TLS_ECDHE_ECDSA_WITH_AES_256_GCM_SHA384, TLS_ECDHE_ECDSA_WITH_AES_128_GCM_SHA256, TLS_ECDHE_RSA_WITH_AES_128_GCM_SHA256, TLS_ECDHE_RSA_WITH_AES_256_GCM_SHA384, TLS_ECDHE_RSA_WITH_AES_128_CBC_SHA, TLS_ECDHE_RSA_WITH_AES_256_CBC_SHA, TLS_RSA_WITH_AES_128_GCM_SHA256, TLS_RSA_WITH_AES_128_CBC_SHA, TLS_RSA_WITH_AES_256_CBC_SHA, TLS_AES_128_GCM_SHA256, TLS_AES_256_GCM_SHA384]
2025-04-06 17:07:07 DEBUG GlobalEventExecutor:54 - -Dio.netty.globalEventExecutor.quietPeriodSeconds: 1
2025-04-06 17:07:07 DEBUG InternalThreadLocalMap:100 - -Dio.netty.threadLocalMap.stringBuilder.initialSize: 1024
2025-04-06 17:07:07 DEBUG InternalThreadLocalMap:101 - -Dio.netty.threadLocalMap.stringBuilder.maxSize: 4096
2025-04-06 17:07:07 DEBUG MultithreadEventLoopGroup:44 - -Dio.netty.eventLoopThreads: 20
2025-04-06 17:07:07 DEBUG NioEventLoop:110 - -Dio.netty.noKeySetOptimization: false
2025-04-06 17:07:07 DEBUG NioEventLoop:111 - -Dio.netty.selectorAutoRebuildThreshold: 512
2025-04-06 17:07:07 DEBUG PooledByteBufAllocator:161 - -Dio.netty.allocator.numHeapArenas: 20
2025-04-06 17:07:07 DEBUG PooledByteBufAllocator:162 - -Dio.netty.allocator.numDirectArenas: 20
2025-04-06 17:07:07 DEBUG PooledByteBufAllocator:164 - -Dio.netty.allocator.pageSize: 8192
2025-04-06 17:07:07 DEBUG PooledByteBufAllocator:169 - -Dio.netty.allocator.maxOrder: 9
2025-04-06 17:07:07 DEBUG PooledByteBufAllocator:173 - -Dio.netty.allocator.chunkSize: 4194304
2025-04-06 17:07:07 DEBUG PooledByteBufAllocator:174 - -Dio.netty.allocator.smallCacheSize: 256
2025-04-06 17:07:07 DEBUG PooledByteBufAllocator:175 - -Dio.netty.allocator.normalCacheSize: 64
2025-04-06 17:07:07 DEBUG PooledByteBufAllocator:176 - -Dio.netty.allocator.maxCachedBufferCapacity: 32768
2025-04-06 17:07:07 DEBUG PooledByteBufAllocator:177 - -Dio.netty.allocator.cacheTrimInterval: 8192
2025-04-06 17:07:07 DEBUG PooledByteBufAllocator:178 - -Dio.netty.allocator.cacheTrimIntervalMillis: 0
2025-04-06 17:07:07 DEBUG PooledByteBufAllocator:179 - -Dio.netty.allocator.useCacheForAllThreads: false
2025-04-06 17:07:07 DEBUG PooledByteBufAllocator:180 - -Dio.netty.allocator.maxCachedByteBuffersPerChunk: 1023
2025-04-06 17:07:07 DEBUG PooledByteBufAllocator:182 - -Dio.netty.allocator.disableCacheFinalizersForFastThreadLocalThreads: false
2025-04-06 17:07:07 DEBUG ByteBufUtil:89 - -Dio.netty.allocator.type: pooled
2025-04-06 17:07:07 DEBUG ByteBufUtil:101 - -Dio.netty.threadLocalDirectBufferSize: 0
2025-04-06 17:07:07 DEBUG ByteBufUtil:104 - -Dio.netty.maxThreadLocalCharBufferSize: 16384
2025-04-06 17:07:07 DEBUG ThreadLocalRandom:214 - -Dio.netty.initialSeedUniquifier: 0xba1ad2bac6a8a181
2025-04-06 17:07:07 DEBUG DefaultChannelId:84 - -Dio.netty.processId: 8997 (auto-detected)
2025-04-06 17:07:07 DEBUG NetUtil:149 - -Djava.net.preferIPv4Stack: false
2025-04-06 17:07:07 DEBUG NetUtil:150 - -Djava.net.preferIPv6Addresses: false
2025-04-06 17:07:07 DEBUG NetUtilInitializations:145 - Loopback interface: lo0 (lo0, 0:0:0:0:0:0:0:1%lo0)
2025-04-06 17:07:07 DEBUG NetUtil:216 - Failed to get SOMAXCONN from sysctl and file /proc/sys/net/core/somaxconn. Default: 128
2025-04-06 17:07:07 DEBUG DefaultChannelId:106 - -Dio.netty.machineId: b6:c5:30:ff:fe:b8:f8:95 (auto-detected)
2025-04-06 17:07:07 DEBUG ChannelInitializerExtensions:54 - -Dio.netty.bootstrap.extensions: null
2025-04-06 17:07:07 DEBUG AbstractByteBuf:63 - -Dcom.shaded.netty.buffer.checkAccessible: true
2025-04-06 17:07:07 DEBUG AbstractByteBuf:64 - -Dcom.shaded.netty.buffer.checkBounds: true
2025-04-06 17:07:07 DEBUG ResourceLeakDetectorFactory:196 - Loaded default ResourceLeakDetector: com.shaded.netty.util.ResourceLeakDetector@5d81c757
2025-04-06 17:07:07 DEBUG Recycler:96 - -Dio.netty.recycler.maxCapacityPerThread: 4096
2025-04-06 17:07:07 DEBUG Recycler:97 - -Dio.netty.recycler.ratio: 8
2025-04-06 17:07:07 DEBUG Recycler:98 - -Dio.netty.recycler.chunkSize: 32
2025-04-06 17:07:07 DEBUG Recycler:99 - -Dio.netty.recycler.blocking: false
2025-04-06 17:07:07 DEBUG Recycler:100 - -Dio.netty.recycler.batchFastThreadLocalOnly: true
2025-04-06 17:08:21 INFO  BaseClass:156 - Screenshot saved at: /Users/lennoxfernandes/eclipse-workspace/AdlibSearchQA/screenshots/testSearchPageUI_20250406050821.png
2025-04-06 17:08:21 INFO  BaseClass:135 - Closing browser...
2025-04-06 17:08:21 INFO  BaseClass:138 - Browser closed and driver removed.
2025-04-06 17:13:01 DEBUG TestNG:82 - suiteXmlPath: "/Users/lennoxfernandes/eclipse-workspace/AdlibSearchQA/testng.xml"
2025-04-06 17:13:01 INFO  Utils:112 - [TestNG] Running:
  /Users/lennoxfernandes/eclipse-workspace/AdlibSearchQA/testng.xml

2025-04-06 17:13:01 INFO  BaseClass:42 - Starting Test Execution - OS: Mac, Browser: chrome
2025-04-06 17:13:01 DEBUG BaseClass:69 - Loaded config.properties successfully.
2025-04-06 17:13:01 INFO  BaseClass:76 - Execution Environment: local
2025-04-06 17:13:01 INFO  BaseClass:118 - Launching Chrome Browser
2025-04-06 17:13:09 INFO  BaseClass:59 - Application launched at URL: https://demo.nopcommerce.com/search
2025-04-06 17:13:22 DEBUG InternalLoggerFactory:76 - Using Log4J2 as the default logging framework
2025-04-06 17:13:22 DEBUG ResourceLeakDetector:129 - -Dcom.shaded.netty.leakDetection.level: simple
2025-04-06 17:13:22 DEBUG ResourceLeakDetector:130 - -Dcom.shaded.netty.leakDetection.targetRecords: 4
2025-04-06 17:13:22 DEBUG ResourceLeakDetectorFactory:196 - Loaded default ResourceLeakDetector: com.shaded.netty.util.ResourceLeakDetector@65fb6ebb
2025-04-06 17:13:22 DEBUG PlatformDependent0:554 - -Dio.netty.noUnsafe: false
2025-04-06 17:13:22 DEBUG PlatformDependent0:1072 - Java version: 22
2025-04-06 17:13:22 DEBUG PlatformDependent0:140 - sun.misc.Unsafe.theUnsafe: available
2025-04-06 17:13:22 DEBUG PlatformDependent0:203 - sun.misc.Unsafe base methods: all available
2025-04-06 17:13:22 DEBUG PlatformDependent0:235 - sun.misc.Unsafe.storeFence: available
2025-04-06 17:13:22 DEBUG PlatformDependent0:278 - java.nio.Buffer.address: available
2025-04-06 17:13:22 DEBUG PlatformDependent0:364 - direct buffer constructor: unavailable: Reflective setAccessible(true) disabled
2025-04-06 17:13:22 DEBUG PlatformDependent0:442 - java.nio.Bits.unaligned: available, true
2025-04-06 17:13:22 DEBUG PlatformDependent0:510 - jdk.internal.misc.Unsafe.allocateUninitializedArray(int): unavailable: class com.shaded.netty.util.internal.PlatformDependent0$7 cannot access class jdk.internal.misc.Unsafe (in module java.base) because module java.base does not export jdk.internal.misc to unnamed module @6aa8ceb6
2025-04-06 17:13:22 DEBUG PlatformDependent0:540 - java.nio.DirectByteBuffer.<init>(long, {int,long}): unavailable
2025-04-06 17:13:22 DEBUG PlatformDependent:1196 - sun.misc.Unsafe: available
2025-04-06 17:13:22 DEBUG PlatformDependent:1342 - -Dio.netty.tmpdir: /var/folders/z_/tbltfn_91dq_0s0wll4140y00000gn/T (java.io.tmpdir)
2025-04-06 17:13:22 DEBUG PlatformDependent:1421 - -Dio.netty.bitMode: 64 (sun.arch.data.model)
2025-04-06 17:13:22 DEBUG PlatformDependent:1164 - Platform: MacOS
2025-04-06 17:13:22 DEBUG PlatformDependent:180 - -Dio.netty.maxDirectMemory: -1 bytes
2025-04-06 17:13:22 DEBUG PlatformDependent:187 - -Dio.netty.uninitializedArrayAllocationThreshold: -1
2025-04-06 17:13:22 DEBUG CleanerJava9:71 - java.nio.ByteBuffer.cleaner(): available
2025-04-06 17:13:22 DEBUG PlatformDependent:207 - -Dio.netty.noPreferDirect: false
2025-04-06 17:13:22 DEBUG PlatformDependent:1030 - org.jctools-core.MpscChunkedArrayQueue: available
2025-04-06 17:13:22 DEBUG JdkSslContext:84 - Default protocols (JDK): [TLSv1.3, TLSv1.2] 
2025-04-06 17:13:22 DEBUG JdkSslContext:85 - Default cipher suites (JDK): [TLS_ECDHE_ECDSA_WITH_AES_256_GCM_SHA384, TLS_ECDHE_ECDSA_WITH_AES_128_GCM_SHA256, TLS_ECDHE_RSA_WITH_AES_128_GCM_SHA256, TLS_ECDHE_RSA_WITH_AES_256_GCM_SHA384, TLS_ECDHE_RSA_WITH_AES_128_CBC_SHA, TLS_ECDHE_RSA_WITH_AES_256_CBC_SHA, TLS_RSA_WITH_AES_128_GCM_SHA256, TLS_RSA_WITH_AES_128_CBC_SHA, TLS_RSA_WITH_AES_256_CBC_SHA, TLS_AES_128_GCM_SHA256, TLS_AES_256_GCM_SHA384]
2025-04-06 17:13:22 DEBUG GlobalEventExecutor:54 - -Dio.netty.globalEventExecutor.quietPeriodSeconds: 1
2025-04-06 17:13:22 DEBUG InternalThreadLocalMap:100 - -Dio.netty.threadLocalMap.stringBuilder.initialSize: 1024
2025-04-06 17:13:22 DEBUG InternalThreadLocalMap:101 - -Dio.netty.threadLocalMap.stringBuilder.maxSize: 4096
2025-04-06 17:13:22 DEBUG MultithreadEventLoopGroup:44 - -Dio.netty.eventLoopThreads: 20
2025-04-06 17:13:22 DEBUG NioEventLoop:110 - -Dio.netty.noKeySetOptimization: false
2025-04-06 17:13:22 DEBUG NioEventLoop:111 - -Dio.netty.selectorAutoRebuildThreshold: 512
2025-04-06 17:13:22 DEBUG PooledByteBufAllocator:161 - -Dio.netty.allocator.numHeapArenas: 20
2025-04-06 17:13:22 DEBUG PooledByteBufAllocator:162 - -Dio.netty.allocator.numDirectArenas: 20
2025-04-06 17:13:22 DEBUG PooledByteBufAllocator:164 - -Dio.netty.allocator.pageSize: 8192
2025-04-06 17:13:22 DEBUG PooledByteBufAllocator:169 - -Dio.netty.allocator.maxOrder: 9
2025-04-06 17:13:22 DEBUG PooledByteBufAllocator:173 - -Dio.netty.allocator.chunkSize: 4194304
2025-04-06 17:13:22 DEBUG PooledByteBufAllocator:174 - -Dio.netty.allocator.smallCacheSize: 256
2025-04-06 17:13:22 DEBUG PooledByteBufAllocator:175 - -Dio.netty.allocator.normalCacheSize: 64
2025-04-06 17:13:22 DEBUG PooledByteBufAllocator:176 - -Dio.netty.allocator.maxCachedBufferCapacity: 32768
2025-04-06 17:13:22 DEBUG PooledByteBufAllocator:177 - -Dio.netty.allocator.cacheTrimInterval: 8192
2025-04-06 17:13:22 DEBUG PooledByteBufAllocator:178 - -Dio.netty.allocator.cacheTrimIntervalMillis: 0
2025-04-06 17:13:22 DEBUG PooledByteBufAllocator:179 - -Dio.netty.allocator.useCacheForAllThreads: false
2025-04-06 17:13:22 DEBUG PooledByteBufAllocator:180 - -Dio.netty.allocator.maxCachedByteBuffersPerChunk: 1023
2025-04-06 17:13:22 DEBUG PooledByteBufAllocator:182 - -Dio.netty.allocator.disableCacheFinalizersForFastThreadLocalThreads: false
2025-04-06 17:13:22 DEBUG ByteBufUtil:89 - -Dio.netty.allocator.type: pooled
2025-04-06 17:13:22 DEBUG ByteBufUtil:101 - -Dio.netty.threadLocalDirectBufferSize: 0
2025-04-06 17:13:22 DEBUG ByteBufUtil:104 - -Dio.netty.maxThreadLocalCharBufferSize: 16384
2025-04-06 17:13:22 DEBUG ThreadLocalRandom:214 - -Dio.netty.initialSeedUniquifier: 0x5d36428ec4c2eaa2
2025-04-06 17:13:22 DEBUG DefaultChannelId:84 - -Dio.netty.processId: 9163 (auto-detected)
2025-04-06 17:13:22 DEBUG NetUtil:149 - -Djava.net.preferIPv4Stack: false
2025-04-06 17:13:22 DEBUG NetUtil:150 - -Djava.net.preferIPv6Addresses: false
2025-04-06 17:13:22 DEBUG NetUtilInitializations:145 - Loopback interface: lo0 (lo0, 0:0:0:0:0:0:0:1%lo0)
2025-04-06 17:13:22 DEBUG NetUtil:216 - Failed to get SOMAXCONN from sysctl and file /proc/sys/net/core/somaxconn. Default: 128
2025-04-06 17:13:22 DEBUG DefaultChannelId:106 - -Dio.netty.machineId: b6:c5:30:ff:fe:b8:f8:95 (auto-detected)
2025-04-06 17:13:22 DEBUG ChannelInitializerExtensions:54 - -Dio.netty.bootstrap.extensions: null
2025-04-06 17:13:22 DEBUG AbstractByteBuf:63 - -Dcom.shaded.netty.buffer.checkAccessible: true
2025-04-06 17:13:22 DEBUG AbstractByteBuf:64 - -Dcom.shaded.netty.buffer.checkBounds: true
2025-04-06 17:13:22 DEBUG ResourceLeakDetectorFactory:196 - Loaded default ResourceLeakDetector: com.shaded.netty.util.ResourceLeakDetector@c56c30c
2025-04-06 17:13:22 DEBUG Recycler:96 - -Dio.netty.recycler.maxCapacityPerThread: 4096
2025-04-06 17:13:22 DEBUG Recycler:97 - -Dio.netty.recycler.ratio: 8
2025-04-06 17:13:22 DEBUG Recycler:98 - -Dio.netty.recycler.chunkSize: 32
2025-04-06 17:13:22 DEBUG Recycler:99 - -Dio.netty.recycler.blocking: false
2025-04-06 17:13:22 DEBUG Recycler:100 - -Dio.netty.recycler.batchFastThreadLocalOnly: true
2025-04-06 17:14:43 INFO  BaseClass:156 - Screenshot saved at: /Users/lennoxfernandes/eclipse-workspace/AdlibSearchQA/screenshots/testSearchPageUI_20250406051439.png
2025-04-06 17:14:43 INFO  BaseClass:135 - Closing browser...
2025-04-06 17:14:43 INFO  BaseClass:138 - Browser closed and driver removed.
2025-04-06 17:15:52 DEBUG TestNG:82 - suiteXmlPath: "/Users/lennoxfernandes/eclipse-workspace/AdlibSearchQA/testng.xml"
2025-04-06 17:15:53 INFO  Utils:112 - [TestNG] Running:
  /Users/lennoxfernandes/eclipse-workspace/AdlibSearchQA/testng.xml

2025-04-06 17:15:53 INFO  BaseClass:42 - Starting Test Execution - OS: Mac, Browser: chrome
2025-04-06 17:15:53 DEBUG BaseClass:69 - Loaded config.properties successfully.
2025-04-06 17:15:53 INFO  BaseClass:76 - Execution Environment: local
2025-04-06 17:15:53 INFO  BaseClass:118 - Launching Chrome Browser
2025-04-06 17:16:01 INFO  BaseClass:59 - Application launched at URL: https://demo.nopcommerce.com/search
2025-04-06 17:16:14 DEBUG InternalLoggerFactory:76 - Using Log4J2 as the default logging framework
2025-04-06 17:16:14 DEBUG ResourceLeakDetector:129 - -Dcom.shaded.netty.leakDetection.level: simple
2025-04-06 17:16:14 DEBUG ResourceLeakDetector:130 - -Dcom.shaded.netty.leakDetection.targetRecords: 4
2025-04-06 17:16:14 DEBUG ResourceLeakDetectorFactory:196 - Loaded default ResourceLeakDetector: com.shaded.netty.util.ResourceLeakDetector@738fb441
2025-04-06 17:16:14 DEBUG PlatformDependent0:554 - -Dio.netty.noUnsafe: false
2025-04-06 17:16:14 DEBUG PlatformDependent0:1072 - Java version: 22
2025-04-06 17:16:14 DEBUG PlatformDependent0:140 - sun.misc.Unsafe.theUnsafe: available
2025-04-06 17:16:14 DEBUG PlatformDependent0:203 - sun.misc.Unsafe base methods: all available
2025-04-06 17:16:14 DEBUG PlatformDependent0:235 - sun.misc.Unsafe.storeFence: available
2025-04-06 17:16:14 DEBUG PlatformDependent0:278 - java.nio.Buffer.address: available
2025-04-06 17:16:14 DEBUG PlatformDependent0:364 - direct buffer constructor: unavailable: Reflective setAccessible(true) disabled
2025-04-06 17:16:14 DEBUG PlatformDependent0:442 - java.nio.Bits.unaligned: available, true
2025-04-06 17:16:14 DEBUG PlatformDependent0:510 - jdk.internal.misc.Unsafe.allocateUninitializedArray(int): unavailable: class com.shaded.netty.util.internal.PlatformDependent0$7 cannot access class jdk.internal.misc.Unsafe (in module java.base) because module java.base does not export jdk.internal.misc to unnamed module @6aa8ceb6
2025-04-06 17:16:14 DEBUG PlatformDependent0:540 - java.nio.DirectByteBuffer.<init>(long, {int,long}): unavailable
2025-04-06 17:16:14 DEBUG PlatformDependent:1196 - sun.misc.Unsafe: available
2025-04-06 17:16:14 DEBUG PlatformDependent:1342 - -Dio.netty.tmpdir: /var/folders/z_/tbltfn_91dq_0s0wll4140y00000gn/T (java.io.tmpdir)
2025-04-06 17:16:14 DEBUG PlatformDependent:1421 - -Dio.netty.bitMode: 64 (sun.arch.data.model)
2025-04-06 17:16:14 DEBUG PlatformDependent:1164 - Platform: MacOS
2025-04-06 17:16:14 DEBUG PlatformDependent:180 - -Dio.netty.maxDirectMemory: -1 bytes
2025-04-06 17:16:14 DEBUG PlatformDependent:187 - -Dio.netty.uninitializedArrayAllocationThreshold: -1
2025-04-06 17:16:14 DEBUG CleanerJava9:71 - java.nio.ByteBuffer.cleaner(): available
2025-04-06 17:16:14 DEBUG PlatformDependent:207 - -Dio.netty.noPreferDirect: false
2025-04-06 17:16:14 DEBUG PlatformDependent:1030 - org.jctools-core.MpscChunkedArrayQueue: available
2025-04-06 17:16:14 DEBUG JdkSslContext:84 - Default protocols (JDK): [TLSv1.3, TLSv1.2] 
2025-04-06 17:16:14 DEBUG JdkSslContext:85 - Default cipher suites (JDK): [TLS_ECDHE_ECDSA_WITH_AES_256_GCM_SHA384, TLS_ECDHE_ECDSA_WITH_AES_128_GCM_SHA256, TLS_ECDHE_RSA_WITH_AES_128_GCM_SHA256, TLS_ECDHE_RSA_WITH_AES_256_GCM_SHA384, TLS_ECDHE_RSA_WITH_AES_128_CBC_SHA, TLS_ECDHE_RSA_WITH_AES_256_CBC_SHA, TLS_RSA_WITH_AES_128_GCM_SHA256, TLS_RSA_WITH_AES_128_CBC_SHA, TLS_RSA_WITH_AES_256_CBC_SHA, TLS_AES_128_GCM_SHA256, TLS_AES_256_GCM_SHA384]
2025-04-06 17:16:14 DEBUG GlobalEventExecutor:54 - -Dio.netty.globalEventExecutor.quietPeriodSeconds: 1
2025-04-06 17:16:14 DEBUG InternalThreadLocalMap:100 - -Dio.netty.threadLocalMap.stringBuilder.initialSize: 1024
2025-04-06 17:16:14 DEBUG InternalThreadLocalMap:101 - -Dio.netty.threadLocalMap.stringBuilder.maxSize: 4096
2025-04-06 17:16:14 DEBUG MultithreadEventLoopGroup:44 - -Dio.netty.eventLoopThreads: 20
2025-04-06 17:16:14 DEBUG NioEventLoop:110 - -Dio.netty.noKeySetOptimization: false
2025-04-06 17:16:14 DEBUG NioEventLoop:111 - -Dio.netty.selectorAutoRebuildThreshold: 512
2025-04-06 17:16:14 DEBUG PooledByteBufAllocator:161 - -Dio.netty.allocator.numHeapArenas: 20
2025-04-06 17:16:14 DEBUG PooledByteBufAllocator:162 - -Dio.netty.allocator.numDirectArenas: 20
2025-04-06 17:16:14 DEBUG PooledByteBufAllocator:164 - -Dio.netty.allocator.pageSize: 8192
2025-04-06 17:16:14 DEBUG PooledByteBufAllocator:169 - -Dio.netty.allocator.maxOrder: 9
2025-04-06 17:16:14 DEBUG PooledByteBufAllocator:173 - -Dio.netty.allocator.chunkSize: 4194304
2025-04-06 17:16:14 DEBUG PooledByteBufAllocator:174 - -Dio.netty.allocator.smallCacheSize: 256
2025-04-06 17:16:14 DEBUG PooledByteBufAllocator:175 - -Dio.netty.allocator.normalCacheSize: 64
2025-04-06 17:16:14 DEBUG PooledByteBufAllocator:176 - -Dio.netty.allocator.maxCachedBufferCapacity: 32768
2025-04-06 17:16:14 DEBUG PooledByteBufAllocator:177 - -Dio.netty.allocator.cacheTrimInterval: 8192
2025-04-06 17:16:14 DEBUG PooledByteBufAllocator:178 - -Dio.netty.allocator.cacheTrimIntervalMillis: 0
2025-04-06 17:16:14 DEBUG PooledByteBufAllocator:179 - -Dio.netty.allocator.useCacheForAllThreads: false
2025-04-06 17:16:14 DEBUG PooledByteBufAllocator:180 - -Dio.netty.allocator.maxCachedByteBuffersPerChunk: 1023
2025-04-06 17:16:14 DEBUG PooledByteBufAllocator:182 - -Dio.netty.allocator.disableCacheFinalizersForFastThreadLocalThreads: false
2025-04-06 17:16:14 DEBUG ByteBufUtil:89 - -Dio.netty.allocator.type: pooled
2025-04-06 17:16:14 DEBUG ByteBufUtil:101 - -Dio.netty.threadLocalDirectBufferSize: 0
2025-04-06 17:16:14 DEBUG ByteBufUtil:104 - -Dio.netty.maxThreadLocalCharBufferSize: 16384
2025-04-06 17:16:14 DEBUG ThreadLocalRandom:214 - -Dio.netty.initialSeedUniquifier: 0x6f65aca79c11ef90
2025-04-06 17:16:14 DEBUG DefaultChannelId:84 - -Dio.netty.processId: 9311 (auto-detected)
2025-04-06 17:16:14 DEBUG NetUtil:149 - -Djava.net.preferIPv4Stack: false
2025-04-06 17:16:14 DEBUG NetUtil:150 - -Djava.net.preferIPv6Addresses: false
2025-04-06 17:16:14 DEBUG NetUtilInitializations:145 - Loopback interface: lo0 (lo0, 0:0:0:0:0:0:0:1%lo0)
2025-04-06 17:16:14 DEBUG NetUtil:216 - Failed to get SOMAXCONN from sysctl and file /proc/sys/net/core/somaxconn. Default: 128
2025-04-06 17:16:14 DEBUG DefaultChannelId:106 - -Dio.netty.machineId: b6:c5:30:ff:fe:b8:f8:95 (auto-detected)
2025-04-06 17:16:14 DEBUG ChannelInitializerExtensions:54 - -Dio.netty.bootstrap.extensions: null
2025-04-06 17:16:14 DEBUG AbstractByteBuf:63 - -Dcom.shaded.netty.buffer.checkAccessible: true
2025-04-06 17:16:14 DEBUG AbstractByteBuf:64 - -Dcom.shaded.netty.buffer.checkBounds: true
2025-04-06 17:16:14 DEBUG ResourceLeakDetectorFactory:196 - Loaded default ResourceLeakDetector: com.shaded.netty.util.ResourceLeakDetector@50e3f49f
2025-04-06 17:16:14 DEBUG Recycler:96 - -Dio.netty.recycler.maxCapacityPerThread: 4096
2025-04-06 17:16:14 DEBUG Recycler:97 - -Dio.netty.recycler.ratio: 8
2025-04-06 17:16:14 DEBUG Recycler:98 - -Dio.netty.recycler.chunkSize: 32
2025-04-06 17:16:14 DEBUG Recycler:99 - -Dio.netty.recycler.blocking: false
2025-04-06 17:16:14 DEBUG Recycler:100 - -Dio.netty.recycler.batchFastThreadLocalOnly: true
2025-04-06 17:17:30 INFO  BaseClass:156 - Screenshot saved at: /Users/lennoxfernandes/eclipse-workspace/AdlibSearchQA/screenshots/testSearchPageUI_20250406051730.png
2025-04-06 17:17:30 INFO  BaseClass:135 - Closing browser...
2025-04-06 17:17:30 INFO  BaseClass:138 - Browser closed and driver removed.
2025-04-06 17:19:18 DEBUG TestNG:82 - suiteXmlPath: "/Users/lennoxfernandes/eclipse-workspace/AdlibSearchQA/testng.xml"
2025-04-06 17:19:18 INFO  Utils:112 - [TestNG] Running:
  /Users/lennoxfernandes/eclipse-workspace/AdlibSearchQA/testng.xml

2025-04-06 17:19:19 INFO  BaseClass:42 - Starting Test Execution - OS: Mac, Browser: chrome
2025-04-06 17:19:19 DEBUG BaseClass:69 - Loaded config.properties successfully.
2025-04-06 17:19:19 INFO  BaseClass:76 - Execution Environment: local
2025-04-06 17:19:19 INFO  BaseClass:118 - Launching Chrome Browser
2025-04-06 17:19:28 INFO  BaseClass:59 - Application launched at URL: https://demo.nopcommerce.com/search
2025-04-06 17:19:40 DEBUG InternalLoggerFactory:76 - Using Log4J2 as the default logging framework
2025-04-06 17:19:40 DEBUG ResourceLeakDetector:129 - -Dcom.shaded.netty.leakDetection.level: simple
2025-04-06 17:19:40 DEBUG ResourceLeakDetector:130 - -Dcom.shaded.netty.leakDetection.targetRecords: 4
2025-04-06 17:19:40 DEBUG ResourceLeakDetectorFactory:196 - Loaded default ResourceLeakDetector: com.shaded.netty.util.ResourceLeakDetector@2e917792
2025-04-06 17:19:40 DEBUG PlatformDependent0:554 - -Dio.netty.noUnsafe: false
2025-04-06 17:19:40 DEBUG PlatformDependent0:1072 - Java version: 22
2025-04-06 17:19:40 DEBUG PlatformDependent0:140 - sun.misc.Unsafe.theUnsafe: available
2025-04-06 17:19:40 DEBUG PlatformDependent0:203 - sun.misc.Unsafe base methods: all available
2025-04-06 17:19:40 DEBUG PlatformDependent0:235 - sun.misc.Unsafe.storeFence: available
2025-04-06 17:19:40 DEBUG PlatformDependent0:278 - java.nio.Buffer.address: available
2025-04-06 17:19:40 DEBUG PlatformDependent0:364 - direct buffer constructor: unavailable: Reflective setAccessible(true) disabled
2025-04-06 17:19:40 DEBUG PlatformDependent0:442 - java.nio.Bits.unaligned: available, true
2025-04-06 17:19:40 DEBUG PlatformDependent0:510 - jdk.internal.misc.Unsafe.allocateUninitializedArray(int): unavailable: class com.shaded.netty.util.internal.PlatformDependent0$7 cannot access class jdk.internal.misc.Unsafe (in module java.base) because module java.base does not export jdk.internal.misc to unnamed module @6aa8ceb6
2025-04-06 17:19:40 DEBUG PlatformDependent0:540 - java.nio.DirectByteBuffer.<init>(long, {int,long}): unavailable
2025-04-06 17:19:40 DEBUG PlatformDependent:1196 - sun.misc.Unsafe: available
2025-04-06 17:19:40 DEBUG PlatformDependent:1342 - -Dio.netty.tmpdir: /var/folders/z_/tbltfn_91dq_0s0wll4140y00000gn/T (java.io.tmpdir)
2025-04-06 17:19:40 DEBUG PlatformDependent:1421 - -Dio.netty.bitMode: 64 (sun.arch.data.model)
2025-04-06 17:19:40 DEBUG PlatformDependent:1164 - Platform: MacOS
2025-04-06 17:19:40 DEBUG PlatformDependent:180 - -Dio.netty.maxDirectMemory: -1 bytes
2025-04-06 17:19:40 DEBUG PlatformDependent:187 - -Dio.netty.uninitializedArrayAllocationThreshold: -1
2025-04-06 17:19:40 DEBUG CleanerJava9:71 - java.nio.ByteBuffer.cleaner(): available
2025-04-06 17:19:40 DEBUG PlatformDependent:207 - -Dio.netty.noPreferDirect: false
2025-04-06 17:19:40 DEBUG PlatformDependent:1030 - org.jctools-core.MpscChunkedArrayQueue: available
2025-04-06 17:19:40 DEBUG JdkSslContext:84 - Default protocols (JDK): [TLSv1.3, TLSv1.2] 
2025-04-06 17:19:40 DEBUG JdkSslContext:85 - Default cipher suites (JDK): [TLS_ECDHE_ECDSA_WITH_AES_256_GCM_SHA384, TLS_ECDHE_ECDSA_WITH_AES_128_GCM_SHA256, TLS_ECDHE_RSA_WITH_AES_128_GCM_SHA256, TLS_ECDHE_RSA_WITH_AES_256_GCM_SHA384, TLS_ECDHE_RSA_WITH_AES_128_CBC_SHA, TLS_ECDHE_RSA_WITH_AES_256_CBC_SHA, TLS_RSA_WITH_AES_128_GCM_SHA256, TLS_RSA_WITH_AES_128_CBC_SHA, TLS_RSA_WITH_AES_256_CBC_SHA, TLS_AES_128_GCM_SHA256, TLS_AES_256_GCM_SHA384]
2025-04-06 17:19:40 DEBUG GlobalEventExecutor:54 - -Dio.netty.globalEventExecutor.quietPeriodSeconds: 1
2025-04-06 17:19:40 DEBUG InternalThreadLocalMap:100 - -Dio.netty.threadLocalMap.stringBuilder.initialSize: 1024
2025-04-06 17:19:40 DEBUG InternalThreadLocalMap:101 - -Dio.netty.threadLocalMap.stringBuilder.maxSize: 4096
2025-04-06 17:19:40 DEBUG MultithreadEventLoopGroup:44 - -Dio.netty.eventLoopThreads: 20
2025-04-06 17:19:40 DEBUG NioEventLoop:110 - -Dio.netty.noKeySetOptimization: false
2025-04-06 17:19:40 DEBUG NioEventLoop:111 - -Dio.netty.selectorAutoRebuildThreshold: 512
2025-04-06 17:19:40 DEBUG PooledByteBufAllocator:161 - -Dio.netty.allocator.numHeapArenas: 20
2025-04-06 17:19:40 DEBUG PooledByteBufAllocator:162 - -Dio.netty.allocator.numDirectArenas: 20
2025-04-06 17:19:40 DEBUG PooledByteBufAllocator:164 - -Dio.netty.allocator.pageSize: 8192
2025-04-06 17:19:40 DEBUG PooledByteBufAllocator:169 - -Dio.netty.allocator.maxOrder: 9
2025-04-06 17:19:40 DEBUG PooledByteBufAllocator:173 - -Dio.netty.allocator.chunkSize: 4194304
2025-04-06 17:19:40 DEBUG PooledByteBufAllocator:174 - -Dio.netty.allocator.smallCacheSize: 256
2025-04-06 17:19:40 DEBUG PooledByteBufAllocator:175 - -Dio.netty.allocator.normalCacheSize: 64
2025-04-06 17:19:40 DEBUG PooledByteBufAllocator:176 - -Dio.netty.allocator.maxCachedBufferCapacity: 32768
2025-04-06 17:19:40 DEBUG PooledByteBufAllocator:177 - -Dio.netty.allocator.cacheTrimInterval: 8192
2025-04-06 17:19:40 DEBUG PooledByteBufAllocator:178 - -Dio.netty.allocator.cacheTrimIntervalMillis: 0
2025-04-06 17:19:40 DEBUG PooledByteBufAllocator:179 - -Dio.netty.allocator.useCacheForAllThreads: false
2025-04-06 17:19:40 DEBUG PooledByteBufAllocator:180 - -Dio.netty.allocator.maxCachedByteBuffersPerChunk: 1023
2025-04-06 17:19:40 DEBUG PooledByteBufAllocator:182 - -Dio.netty.allocator.disableCacheFinalizersForFastThreadLocalThreads: false
2025-04-06 17:19:40 DEBUG ByteBufUtil:89 - -Dio.netty.allocator.type: pooled
2025-04-06 17:19:40 DEBUG ByteBufUtil:101 - -Dio.netty.threadLocalDirectBufferSize: 0
2025-04-06 17:19:40 DEBUG ByteBufUtil:104 - -Dio.netty.maxThreadLocalCharBufferSize: 16384
2025-04-06 17:19:40 DEBUG ThreadLocalRandom:214 - -Dio.netty.initialSeedUniquifier: 0xf413b7a15a6d2e48
2025-04-06 17:19:40 DEBUG DefaultChannelId:84 - -Dio.netty.processId: 9452 (auto-detected)
2025-04-06 17:19:40 DEBUG NetUtil:149 - -Djava.net.preferIPv4Stack: false
2025-04-06 17:19:40 DEBUG NetUtil:150 - -Djava.net.preferIPv6Addresses: false
2025-04-06 17:19:40 DEBUG NetUtilInitializations:145 - Loopback interface: lo0 (lo0, 0:0:0:0:0:0:0:1%lo0)
2025-04-06 17:19:40 DEBUG NetUtil:216 - Failed to get SOMAXCONN from sysctl and file /proc/sys/net/core/somaxconn. Default: 128
2025-04-06 17:19:40 DEBUG DefaultChannelId:106 - -Dio.netty.machineId: b6:c5:30:ff:fe:b8:f8:95 (auto-detected)
2025-04-06 17:19:40 DEBUG ChannelInitializerExtensions:54 - -Dio.netty.bootstrap.extensions: null
2025-04-06 17:19:40 DEBUG AbstractByteBuf:63 - -Dcom.shaded.netty.buffer.checkAccessible: true
2025-04-06 17:19:40 DEBUG AbstractByteBuf:64 - -Dcom.shaded.netty.buffer.checkBounds: true
2025-04-06 17:19:40 DEBUG ResourceLeakDetectorFactory:196 - Loaded default ResourceLeakDetector: com.shaded.netty.util.ResourceLeakDetector@dfd9afd
2025-04-06 17:19:40 DEBUG Recycler:96 - -Dio.netty.recycler.maxCapacityPerThread: 4096
2025-04-06 17:19:40 DEBUG Recycler:97 - -Dio.netty.recycler.ratio: 8
2025-04-06 17:19:40 DEBUG Recycler:98 - -Dio.netty.recycler.chunkSize: 32
2025-04-06 17:19:40 DEBUG Recycler:99 - -Dio.netty.recycler.blocking: false
2025-04-06 17:19:40 DEBUG Recycler:100 - -Dio.netty.recycler.batchFastThreadLocalOnly: true
2025-04-06 17:20:55 INFO  BaseClass:156 - Screenshot saved at: /Users/lennoxfernandes/eclipse-workspace/AdlibSearchQA/screenshots/testSearchPageUI_20250406052054.png
2025-04-06 17:20:55 INFO  BaseClass:135 - Closing browser...
2025-04-06 17:20:55 INFO  BaseClass:138 - Browser closed and driver removed.
2025-04-06 17:25:26 DEBUG TestNG:82 - suiteXmlPath: "/Users/lennoxfernandes/eclipse-workspace/AdlibSearchQA/testng.xml"
2025-04-06 17:25:26 INFO  Utils:112 - [TestNG] Running:
  /Users/lennoxfernandes/eclipse-workspace/AdlibSearchQA/testng.xml

2025-04-06 17:25:26 INFO  BaseClass:42 - Starting Test Execution - OS: Mac, Browser: chrome
2025-04-06 17:25:26 DEBUG BaseClass:69 - Loaded config.properties successfully.
2025-04-06 17:25:26 INFO  BaseClass:76 - Execution Environment: local
2025-04-06 17:25:26 INFO  BaseClass:118 - Launching Chrome Browser
2025-04-06 17:25:35 INFO  BaseClass:59 - Application launched at URL: https://demo.nopcommerce.com/search
2025-04-06 17:25:48 DEBUG InternalLoggerFactory:76 - Using Log4J2 as the default logging framework
2025-04-06 17:25:48 DEBUG ResourceLeakDetector:129 - -Dcom.shaded.netty.leakDetection.level: simple
2025-04-06 17:25:48 DEBUG ResourceLeakDetector:130 - -Dcom.shaded.netty.leakDetection.targetRecords: 4
2025-04-06 17:25:48 DEBUG ResourceLeakDetectorFactory:196 - Loaded default ResourceLeakDetector: com.shaded.netty.util.ResourceLeakDetector@738fb441
2025-04-06 17:25:48 DEBUG PlatformDependent0:554 - -Dio.netty.noUnsafe: false
2025-04-06 17:25:48 DEBUG PlatformDependent0:1072 - Java version: 22
2025-04-06 17:25:48 DEBUG PlatformDependent0:140 - sun.misc.Unsafe.theUnsafe: available
2025-04-06 17:25:48 DEBUG PlatformDependent0:203 - sun.misc.Unsafe base methods: all available
2025-04-06 17:25:48 DEBUG PlatformDependent0:235 - sun.misc.Unsafe.storeFence: available
2025-04-06 17:25:48 DEBUG PlatformDependent0:278 - java.nio.Buffer.address: available
2025-04-06 17:25:48 DEBUG PlatformDependent0:364 - direct buffer constructor: unavailable: Reflective setAccessible(true) disabled
2025-04-06 17:25:48 DEBUG PlatformDependent0:442 - java.nio.Bits.unaligned: available, true
2025-04-06 17:25:48 DEBUG PlatformDependent0:510 - jdk.internal.misc.Unsafe.allocateUninitializedArray(int): unavailable: class com.shaded.netty.util.internal.PlatformDependent0$7 cannot access class jdk.internal.misc.Unsafe (in module java.base) because module java.base does not export jdk.internal.misc to unnamed module @6aa8ceb6
2025-04-06 17:25:48 DEBUG PlatformDependent0:540 - java.nio.DirectByteBuffer.<init>(long, {int,long}): unavailable
2025-04-06 17:25:48 DEBUG PlatformDependent:1196 - sun.misc.Unsafe: available
2025-04-06 17:25:48 DEBUG PlatformDependent:1342 - -Dio.netty.tmpdir: /var/folders/z_/tbltfn_91dq_0s0wll4140y00000gn/T (java.io.tmpdir)
2025-04-06 17:25:48 DEBUG PlatformDependent:1421 - -Dio.netty.bitMode: 64 (sun.arch.data.model)
2025-04-06 17:25:48 DEBUG PlatformDependent:1164 - Platform: MacOS
2025-04-06 17:25:48 DEBUG PlatformDependent:180 - -Dio.netty.maxDirectMemory: -1 bytes
2025-04-06 17:25:48 DEBUG PlatformDependent:187 - -Dio.netty.uninitializedArrayAllocationThreshold: -1
2025-04-06 17:25:48 DEBUG CleanerJava9:71 - java.nio.ByteBuffer.cleaner(): available
2025-04-06 17:25:48 DEBUG PlatformDependent:207 - -Dio.netty.noPreferDirect: false
2025-04-06 17:25:48 DEBUG PlatformDependent:1030 - org.jctools-core.MpscChunkedArrayQueue: available
2025-04-06 17:25:48 DEBUG JdkSslContext:84 - Default protocols (JDK): [TLSv1.3, TLSv1.2] 
2025-04-06 17:25:48 DEBUG JdkSslContext:85 - Default cipher suites (JDK): [TLS_ECDHE_ECDSA_WITH_AES_256_GCM_SHA384, TLS_ECDHE_ECDSA_WITH_AES_128_GCM_SHA256, TLS_ECDHE_RSA_WITH_AES_128_GCM_SHA256, TLS_ECDHE_RSA_WITH_AES_256_GCM_SHA384, TLS_ECDHE_RSA_WITH_AES_128_CBC_SHA, TLS_ECDHE_RSA_WITH_AES_256_CBC_SHA, TLS_RSA_WITH_AES_128_GCM_SHA256, TLS_RSA_WITH_AES_128_CBC_SHA, TLS_RSA_WITH_AES_256_CBC_SHA, TLS_AES_128_GCM_SHA256, TLS_AES_256_GCM_SHA384]
2025-04-06 17:25:48 DEBUG GlobalEventExecutor:54 - -Dio.netty.globalEventExecutor.quietPeriodSeconds: 1
2025-04-06 17:25:48 DEBUG InternalThreadLocalMap:100 - -Dio.netty.threadLocalMap.stringBuilder.initialSize: 1024
2025-04-06 17:25:48 DEBUG InternalThreadLocalMap:101 - -Dio.netty.threadLocalMap.stringBuilder.maxSize: 4096
2025-04-06 17:25:48 DEBUG MultithreadEventLoopGroup:44 - -Dio.netty.eventLoopThreads: 20
2025-04-06 17:25:48 DEBUG NioEventLoop:110 - -Dio.netty.noKeySetOptimization: false
2025-04-06 17:25:48 DEBUG NioEventLoop:111 - -Dio.netty.selectorAutoRebuildThreshold: 512
2025-04-06 17:25:48 DEBUG PooledByteBufAllocator:161 - -Dio.netty.allocator.numHeapArenas: 20
2025-04-06 17:25:48 DEBUG PooledByteBufAllocator:162 - -Dio.netty.allocator.numDirectArenas: 20
2025-04-06 17:25:48 DEBUG PooledByteBufAllocator:164 - -Dio.netty.allocator.pageSize: 8192
2025-04-06 17:25:48 DEBUG PooledByteBufAllocator:169 - -Dio.netty.allocator.maxOrder: 9
2025-04-06 17:25:48 DEBUG PooledByteBufAllocator:173 - -Dio.netty.allocator.chunkSize: 4194304
2025-04-06 17:25:48 DEBUG PooledByteBufAllocator:174 - -Dio.netty.allocator.smallCacheSize: 256
2025-04-06 17:25:48 DEBUG PooledByteBufAllocator:175 - -Dio.netty.allocator.normalCacheSize: 64
2025-04-06 17:25:48 DEBUG PooledByteBufAllocator:176 - -Dio.netty.allocator.maxCachedBufferCapacity: 32768
2025-04-06 17:25:48 DEBUG PooledByteBufAllocator:177 - -Dio.netty.allocator.cacheTrimInterval: 8192
2025-04-06 17:25:48 DEBUG PooledByteBufAllocator:178 - -Dio.netty.allocator.cacheTrimIntervalMillis: 0
2025-04-06 17:25:48 DEBUG PooledByteBufAllocator:179 - -Dio.netty.allocator.useCacheForAllThreads: false
2025-04-06 17:25:48 DEBUG PooledByteBufAllocator:180 - -Dio.netty.allocator.maxCachedByteBuffersPerChunk: 1023
2025-04-06 17:25:48 DEBUG PooledByteBufAllocator:182 - -Dio.netty.allocator.disableCacheFinalizersForFastThreadLocalThreads: false
2025-04-06 17:25:48 DEBUG ByteBufUtil:89 - -Dio.netty.allocator.type: pooled
2025-04-06 17:25:48 DEBUG ByteBufUtil:101 - -Dio.netty.threadLocalDirectBufferSize: 0
2025-04-06 17:25:48 DEBUG ByteBufUtil:104 - -Dio.netty.maxThreadLocalCharBufferSize: 16384
2025-04-06 17:25:48 DEBUG ThreadLocalRandom:214 - -Dio.netty.initialSeedUniquifier: 0x163b68d35eb03914
2025-04-06 17:25:48 DEBUG DefaultChannelId:84 - -Dio.netty.processId: 9726 (auto-detected)
2025-04-06 17:25:48 DEBUG NetUtil:149 - -Djava.net.preferIPv4Stack: false
2025-04-06 17:25:48 DEBUG NetUtil:150 - -Djava.net.preferIPv6Addresses: false
2025-04-06 17:25:48 DEBUG NetUtilInitializations:145 - Loopback interface: lo0 (lo0, 0:0:0:0:0:0:0:1%lo0)
2025-04-06 17:25:48 DEBUG NetUtil:216 - Failed to get SOMAXCONN from sysctl and file /proc/sys/net/core/somaxconn. Default: 128
2025-04-06 17:25:48 DEBUG DefaultChannelId:106 - -Dio.netty.machineId: b6:c5:30:ff:fe:b8:f8:95 (auto-detected)
2025-04-06 17:25:48 DEBUG ChannelInitializerExtensions:54 - -Dio.netty.bootstrap.extensions: null
2025-04-06 17:25:48 DEBUG AbstractByteBuf:63 - -Dcom.shaded.netty.buffer.checkAccessible: true
2025-04-06 17:25:48 DEBUG AbstractByteBuf:64 - -Dcom.shaded.netty.buffer.checkBounds: true
2025-04-06 17:25:48 DEBUG ResourceLeakDetectorFactory:196 - Loaded default ResourceLeakDetector: com.shaded.netty.util.ResourceLeakDetector@c56c30c
2025-04-06 17:25:48 DEBUG Recycler:96 - -Dio.netty.recycler.maxCapacityPerThread: 4096
2025-04-06 17:25:48 DEBUG Recycler:97 - -Dio.netty.recycler.ratio: 8
2025-04-06 17:25:48 DEBUG Recycler:98 - -Dio.netty.recycler.chunkSize: 32
2025-04-06 17:25:48 DEBUG Recycler:99 - -Dio.netty.recycler.blocking: false
2025-04-06 17:25:48 DEBUG Recycler:100 - -Dio.netty.recycler.batchFastThreadLocalOnly: true
2025-04-06 17:27:04 INFO  BaseClass:156 - Screenshot saved at: /Users/lennoxfernandes/eclipse-workspace/AdlibSearchQA/screenshots/testSearchPageUI_20250406052704.png
2025-04-06 17:27:04 INFO  BaseClass:135 - Closing browser...
2025-04-06 17:27:04 INFO  BaseClass:138 - Browser closed and driver removed.
